{"d:\\meu-contador\\backend\\src\\lib\\audit.ts": {"path":"d:\\meu-contador\\backend\\src\\lib\\audit.ts","all":false,"statementMap":{"0":{"start":{"line":1,"column":0},"end":{"line":1,"column":40}},"3":{"start":{"line":4,"column":0},"end":{"line":4,"column":88}},"14":{"start":{"line":15,"column":0},"end":{"line":15,"column":59}},"15":{"start":{"line":16,"column":0},"end":{"line":16,"column":76}},"16":{"start":{"line":17,"column":0},"end":{"line":17,"column":79}},"18":{"start":{"line":19,"column":0},"end":{"line":19,"column":29}},"19":{"start":{"line":20,"column":0},"end":{"line":20,"column":11}},"20":{"start":{"line":21,"column":0},"end":{"line":21,"column":27}},"21":{"start":{"line":22,"column":0},"end":{"line":22,"column":27}},"22":{"start":{"line":23,"column":0},"end":{"line":23,"column":31}},"23":{"start":{"line":24,"column":0},"end":{"line":24,"column":35}},"24":{"start":{"line":25,"column":0},"end":{"line":25,"column":68}},"25":{"start":{"line":26,"column":0},"end":{"line":26,"column":24}},"26":{"start":{"line":27,"column":0},"end":{"line":27,"column":16}},"27":{"start":{"line":28,"column":0},"end":{"line":28,"column":6}},"28":{"start":{"line":29,"column":0},"end":{"line":29,"column":5}},"29":{"start":{"line":30,"column":0},"end":{"line":30,"column":1}},"31":{"start":{"line":32,"column":0},"end":{"line":32,"column":77}},"32":{"start":{"line":33,"column":0},"end":{"line":33,"column":85}},"34":{"start":{"line":35,"column":0},"end":{"line":35,"column":69}},"35":{"start":{"line":36,"column":0},"end":{"line":36,"column":28}},"36":{"start":{"line":37,"column":0},"end":{"line":37,"column":14}},"37":{"start":{"line":38,"column":0},"end":{"line":38,"column":52}},"38":{"start":{"line":39,"column":0},"end":{"line":39,"column":8}},"39":{"start":{"line":40,"column":0},"end":{"line":40,"column":7}},"40":{"start":{"line":41,"column":0},"end":{"line":41,"column":27}},"41":{"start":{"line":42,"column":0},"end":{"line":42,"column":14}},"42":{"start":{"line":43,"column":0},"end":{"line":43,"column":13}},"43":{"start":{"line":44,"column":0},"end":{"line":44,"column":47}},"44":{"start":{"line":45,"column":0},"end":{"line":45,"column":58}},"45":{"start":{"line":46,"column":0},"end":{"line":46,"column":10}},"46":{"start":{"line":47,"column":0},"end":{"line":47,"column":8}},"47":{"start":{"line":48,"column":0},"end":{"line":48,"column":7}},"48":{"start":{"line":49,"column":0},"end":{"line":49,"column":5}},"50":{"start":{"line":51,"column":0},"end":{"line":51,"column":10}},"51":{"start":{"line":52,"column":0},"end":{"line":52,"column":45}},"52":{"start":{"line":53,"column":0},"end":{"line":53,"column":43}},"53":{"start":{"line":54,"column":0},"end":{"line":54,"column":4}},"54":{"start":{"line":55,"column":0},"end":{"line":55,"column":1}}},"s":{"0":1,"3":1,"14":1,"15":1,"16":1,"18":6,"19":6,"20":6,"21":6,"22":6,"23":6,"24":6,"25":6,"26":6,"27":6,"28":6,"29":6,"31":1,"32":1,"34":1,"35":1,"36":1,"37":1,"38":1,"39":1,"40":1,"41":1,"42":1,"43":1,"44":1,"45":1,"46":1,"47":1,"48":1,"50":1,"51":1,"52":1,"53":1,"54":1},"branchMap":{"0":{"type":"branch","line":17,"loc":{"start":{"line":17,"column":68},"end":{"line":32,"column":64}},"locations":[{"start":{"line":17,"column":68},"end":{"line":32,"column":64}}]},"1":{"type":"branch","line":33,"loc":{"start":{"line":33,"column":64},"end":{"line":35,"column":9}},"locations":[{"start":{"line":33,"column":64},"end":{"line":35,"column":9}}]}},"b":{"0":[6],"1":[6]},"fnMap":{"0":{"name":"writeAuditLog","decl":{"start":{"line":17,"column":68},"end":{"line":32,"column":64}},"loc":{"start":{"line":17,"column":68},"end":{"line":32,"column":64}},"line":17},"1":{"name":"get","decl":{"start":{"line":33,"column":64},"end":{"line":35,"column":9}},"loc":{"start":{"line":33,"column":64},"end":{"line":35,"column":9}},"line":33}},"f":{"0":6,"1":6}}
,"D:\\meu-contador\\backend\\src\\lib\\audit.ts": {"path":"D:\\meu-contador\\backend\\src\\lib\\audit.ts","all":true,"statementMap":{"0":{"start":{"line":1,"column":0},"end":{"line":1,"column":40}},"3":{"start":{"line":4,"column":0},"end":{"line":4,"column":88}},"14":{"start":{"line":15,"column":0},"end":{"line":15,"column":59}},"15":{"start":{"line":16,"column":0},"end":{"line":16,"column":76}},"16":{"start":{"line":17,"column":0},"end":{"line":17,"column":79}},"18":{"start":{"line":19,"column":0},"end":{"line":19,"column":29}},"19":{"start":{"line":20,"column":0},"end":{"line":20,"column":11}},"20":{"start":{"line":21,"column":0},"end":{"line":21,"column":27}},"21":{"start":{"line":22,"column":0},"end":{"line":22,"column":27}},"22":{"start":{"line":23,"column":0},"end":{"line":23,"column":31}},"23":{"start":{"line":24,"column":0},"end":{"line":24,"column":35}},"24":{"start":{"line":25,"column":0},"end":{"line":25,"column":68}},"25":{"start":{"line":26,"column":0},"end":{"line":26,"column":24}},"26":{"start":{"line":27,"column":0},"end":{"line":27,"column":16}},"27":{"start":{"line":28,"column":0},"end":{"line":28,"column":6}},"28":{"start":{"line":29,"column":0},"end":{"line":29,"column":5}},"29":{"start":{"line":30,"column":0},"end":{"line":30,"column":1}},"31":{"start":{"line":32,"column":0},"end":{"line":32,"column":77}},"32":{"start":{"line":33,"column":0},"end":{"line":33,"column":85}},"34":{"start":{"line":35,"column":0},"end":{"line":35,"column":69}},"35":{"start":{"line":36,"column":0},"end":{"line":36,"column":28}},"36":{"start":{"line":37,"column":0},"end":{"line":37,"column":14}},"37":{"start":{"line":38,"column":0},"end":{"line":38,"column":52}},"38":{"start":{"line":39,"column":0},"end":{"line":39,"column":8}},"39":{"start":{"line":40,"column":0},"end":{"line":40,"column":7}},"40":{"start":{"line":41,"column":0},"end":{"line":41,"column":27}},"41":{"start":{"line":42,"column":0},"end":{"line":42,"column":14}},"42":{"start":{"line":43,"column":0},"end":{"line":43,"column":13}},"43":{"start":{"line":44,"column":0},"end":{"line":44,"column":47}},"44":{"start":{"line":45,"column":0},"end":{"line":45,"column":58}},"45":{"start":{"line":46,"column":0},"end":{"line":46,"column":10}},"46":{"start":{"line":47,"column":0},"end":{"line":47,"column":8}},"47":{"start":{"line":48,"column":0},"end":{"line":48,"column":7}},"48":{"start":{"line":49,"column":0},"end":{"line":49,"column":5}},"50":{"start":{"line":51,"column":0},"end":{"line":51,"column":10}},"51":{"start":{"line":52,"column":0},"end":{"line":52,"column":45}},"52":{"start":{"line":53,"column":0},"end":{"line":53,"column":43}},"53":{"start":{"line":54,"column":0},"end":{"line":54,"column":4}},"54":{"start":{"line":55,"column":0},"end":{"line":55,"column":1}}},"s":{"0":0,"3":0,"14":0,"15":0,"16":0,"18":0,"19":0,"20":0,"21":0,"22":0,"23":0,"24":0,"25":0,"26":0,"27":0,"28":0,"29":0,"31":0,"32":0,"34":0,"35":0,"36":0,"37":0,"38":0,"39":0,"40":0,"41":0,"42":0,"43":0,"44":0,"45":0,"46":0,"47":0,"48":0,"50":0,"51":0,"52":0,"53":0,"54":0},"branchMap":{"0":{"type":"branch","line":1,"loc":{"start":{"line":1,"column":0},"end":{"line":55,"column":-28}},"locations":[{"start":{"line":1,"column":0},"end":{"line":55,"column":-28}}]}},"b":{"0":[0]},"fnMap":{"0":{"name":"(empty-report)","decl":{"start":{"line":1,"column":0},"end":{"line":55,"column":-28}},"loc":{"start":{"line":1,"column":0},"end":{"line":55,"column":-28}},"line":1}},"f":{"0":0}}
,"d:\\meu-contador\\backend\\src\\lib\\auth-utils.ts": {"path":"d:\\meu-contador\\backend\\src\\lib\\auth-utils.ts","all":false,"statementMap":{"0":{"start":{"line":1,"column":0},"end":{"line":1,"column":30}},"2":{"start":{"line":3,"column":0},"end":{"line":3,"column":65}},"4":{"start":{"line":5,"column":0},"end":{"line":5,"column":74}},"5":{"start":{"line":6,"column":0},"end":{"line":6,"column":49}},"6":{"start":{"line":7,"column":0},"end":{"line":7,"column":37}},"7":{"start":{"line":8,"column":0},"end":{"line":8,"column":2}},"9":{"start":{"line":10,"column":0},"end":{"line":10,"column":92}},"10":{"start":{"line":11,"column":0},"end":{"line":11,"column":40}},"11":{"start":{"line":12,"column":0},"end":{"line":12,"column":2}}},"s":{"0":1,"2":1,"4":1,"5":1,"6":1,"7":1,"9":1,"10":1,"11":1},"branchMap":{},"b":{},"fnMap":{},"f":{}}
,"D:\\meu-contador\\backend\\src\\lib\\auth-utils.ts": {"path":"D:\\meu-contador\\backend\\src\\lib\\auth-utils.ts","all":true,"statementMap":{"0":{"start":{"line":1,"column":0},"end":{"line":1,"column":30}},"2":{"start":{"line":3,"column":0},"end":{"line":3,"column":65}},"4":{"start":{"line":5,"column":0},"end":{"line":5,"column":74}},"5":{"start":{"line":6,"column":0},"end":{"line":6,"column":49}},"6":{"start":{"line":7,"column":0},"end":{"line":7,"column":37}},"7":{"start":{"line":8,"column":0},"end":{"line":8,"column":2}},"9":{"start":{"line":10,"column":0},"end":{"line":10,"column":92}},"10":{"start":{"line":11,"column":0},"end":{"line":11,"column":40}},"11":{"start":{"line":12,"column":0},"end":{"line":12,"column":2}}},"s":{"0":0,"2":0,"4":0,"5":0,"6":0,"7":0,"9":0,"10":0,"11":0},"branchMap":{"0":{"type":"branch","line":1,"loc":{"start":{"line":1,"column":402},"end":{"line":12,"column":2}},"locations":[{"start":{"line":1,"column":402},"end":{"line":12,"column":2}}]}},"b":{"0":[0]},"fnMap":{"0":{"name":"(empty-report)","decl":{"start":{"line":1,"column":402},"end":{"line":12,"column":2}},"loc":{"start":{"line":1,"column":402},"end":{"line":12,"column":2}},"line":1}},"f":{"0":0}}
,"d:\\meu-contador\\backend\\src\\lib\\cache.ts": {"path":"d:\\meu-contador\\backend\\src\\lib\\cache.ts","all":false,"statementMap":{"0":{"start":{"line":1,"column":0},"end":{"line":1,"column":3}},"20":{"start":{"line":21,"column":0},"end":{"line":21,"column":31}},"22":{"start":{"line":23,"column":0},"end":{"line":23,"column":63}},"23":{"start":{"line":24,"column":0},"end":{"line":24,"column":67}},"25":{"start":{"line":26,"column":0},"end":{"line":26,"column":35}},"26":{"start":{"line":27,"column":0},"end":{"line":27,"column":64}},"27":{"start":{"line":28,"column":0},"end":{"line":28,"column":54}},"28":{"start":{"line":29,"column":0},"end":{"line":29,"column":8}},"29":{"start":{"line":30,"column":0},"end":{"line":30,"column":95}},"30":{"start":{"line":31,"column":0},"end":{"line":31,"column":1}},"34":{"start":{"line":35,"column":0},"end":{"line":35,"column":59}},"36":{"start":{"line":37,"column":0},"end":{"line":37,"column":43}},"37":{"start":{"line":38,"column":0},"end":{"line":38,"column":37}},"38":{"start":{"line":39,"column":0},"end":{"line":39,"column":26}},"39":{"start":{"line":40,"column":0},"end":{"line":40,"column":37}},"40":{"start":{"line":41,"column":0},"end":{"line":41,"column":28}},"41":{"start":{"line":42,"column":0},"end":{"line":42,"column":16}},"42":{"start":{"line":43,"column":0},"end":{"line":43,"column":3}},"43":{"start":{"line":44,"column":0},"end":{"line":44,"column":26}},"44":{"start":{"line":45,"column":0},"end":{"line":45,"column":1}},"46":{"start":{"line":47,"column":0},"end":{"line":47,"column":64}},"47":{"start":{"line":48,"column":0},"end":{"line":48,"column":65}},"48":{"start":{"line":49,"column":0},"end":{"line":49,"column":1}},"50":{"start":{"line":51,"column":0},"end":{"line":51,"column":39}},"51":{"start":{"line":52,"column":0},"end":{"line":52,"column":26}},"52":{"start":{"line":53,"column":0},"end":{"line":53,"column":1}},"60":{"start":{"line":61,"column":0},"end":{"line":61,"column":72}},"61":{"start":{"line":62,"column":0},"end":{"line":62,"column":14}},"62":{"start":{"line":63,"column":0},"end":{"line":63,"column":9}},"63":{"start":{"line":64,"column":0},"end":{"line":64,"column":44}},"64":{"start":{"line":65,"column":0},"end":{"line":65,"column":27}},"65":{"start":{"line":66,"column":0},"end":{"line":66,"column":19}},"66":{"start":{"line":67,"column":0},"end":{"line":67,"column":76}},"67":{"start":{"line":68,"column":0},"end":{"line":68,"column":28}},"68":{"start":{"line":69,"column":0},"end":{"line":69,"column":5}},"69":{"start":{"line":70,"column":0},"end":{"line":70,"column":3}},"70":{"start":{"line":71,"column":0},"end":{"line":71,"column":24}},"71":{"start":{"line":72,"column":0},"end":{"line":72,"column":1}},"76":{"start":{"line":77,"column":0},"end":{"line":77,"column":93}},"77":{"start":{"line":78,"column":0},"end":{"line":78,"column":14}},"78":{"start":{"line":79,"column":0},"end":{"line":79,"column":9}},"79":{"start":{"line":80,"column":0},"end":{"line":80,"column":49}},"80":{"start":{"line":81,"column":0},"end":{"line":81,"column":54}},"81":{"start":{"line":82,"column":0},"end":{"line":82,"column":13}},"82":{"start":{"line":83,"column":0},"end":{"line":83,"column":19}},"83":{"start":{"line":84,"column":0},"end":{"line":84,"column":76}},"84":{"start":{"line":85,"column":0},"end":{"line":85,"column":5}},"85":{"start":{"line":86,"column":0},"end":{"line":86,"column":3}},"86":{"start":{"line":87,"column":0},"end":{"line":87,"column":28}},"87":{"start":{"line":88,"column":0},"end":{"line":88,"column":1}},"92":{"start":{"line":93,"column":0},"end":{"line":93,"column":68}},"93":{"start":{"line":94,"column":0},"end":{"line":94,"column":14}},"94":{"start":{"line":95,"column":0},"end":{"line":95,"column":9}},"95":{"start":{"line":96,"column":0},"end":{"line":96,"column":27}},"96":{"start":{"line":97,"column":0},"end":{"line":97,"column":13}},"97":{"start":{"line":98,"column":0},"end":{"line":98,"column":19}},"98":{"start":{"line":99,"column":0},"end":{"line":99,"column":76}},"99":{"start":{"line":100,"column":0},"end":{"line":100,"column":5}},"100":{"start":{"line":101,"column":0},"end":{"line":101,"column":3}},"101":{"start":{"line":102,"column":0},"end":{"line":102,"column":17}},"102":{"start":{"line":103,"column":0},"end":{"line":103,"column":1}},"107":{"start":{"line":108,"column":0},"end":{"line":108,"column":55}},"108":{"start":{"line":109,"column":0},"end":{"line":109,"column":36}},"109":{"start":{"line":110,"column":0},"end":{"line":110,"column":1}}},"s":{"0":1,"20":1,"22":1,"23":1,"25":1,"26":1,"27":1,"28":1,"29":1,"30":0,"34":0,"36":0,"37":1,"38":1,"39":1,"40":1,"41":1,"42":1,"43":1,"44":1,"46":1,"47":1,"48":0,"50":0,"51":0,"52":0,"60":1,"61":1,"62":1,"63":1,"64":1,"65":0,"66":1,"67":1,"68":0,"69":0,"70":0,"71":0,"76":1,"77":1,"78":1,"79":1,"80":1,"81":1,"82":1,"83":1,"84":0,"85":0,"86":0,"87":0,"92":1,"93":1,"94":1,"95":1,"96":1,"97":1,"98":1,"99":0,"100":0,"101":0,"102":0,"107":0,"108":1,"109":1},"branchMap":{"0":{"type":"branch","line":27,"loc":{"start":{"line":27,"column":47},"end":{"line":27,"column":61}},"locations":[{"start":{"line":27,"column":47},"end":{"line":27,"column":61}}]},"1":{"type":"branch","line":28,"loc":{"start":{"line":28,"column":52},"end":{"line":29,"column":7}},"locations":[{"start":{"line":28,"column":52},"end":{"line":29,"column":7}}]},"2":{"type":"branch","line":30,"loc":{"start":{"line":30,"column":10},"end":{"line":30,"column":93}},"locations":[{"start":{"line":30,"column":10},"end":{"line":30,"column":93}}]},"3":{"type":"branch","line":30,"loc":{"start":{"line":30,"column":15},"end":{"line":38,"column":16}},"locations":[{"start":{"line":30,"column":15},"end":{"line":38,"column":16}}]},"4":{"type":"branch","line":44,"loc":{"start":{"line":44,"column":9},"end":{"line":61,"column":39}},"locations":[{"start":{"line":44,"column":9},"end":{"line":61,"column":39}}]},"5":{"type":"branch","line":48,"loc":{"start":{"line":48,"column":32},"end":{"line":61,"column":39}},"locations":[{"start":{"line":48,"column":32},"end":{"line":61,"column":39}}]},"6":{"type":"branch","line":61,"loc":{"start":{"line":61,"column":22},"end":{"line":65,"column":27}},"locations":[{"start":{"line":61,"column":22},"end":{"line":65,"column":27}}]},"7":{"type":"branch","line":67,"loc":{"start":{"line":67,"column":19},"end":{"line":78,"column":6}},"locations":[{"start":{"line":67,"column":19},"end":{"line":78,"column":6}}]},"8":{"type":"branch","line":68,"loc":{"start":{"line":68,"column":6},"end":{"line":77,"column":39}},"locations":[{"start":{"line":68,"column":6},"end":{"line":77,"column":39}}]},"9":{"type":"branch","line":81,"loc":{"start":{"line":81,"column":27},"end":{"line":82,"column":13}},"locations":[{"start":{"line":81,"column":27},"end":{"line":82,"column":13}}]},"10":{"type":"branch","line":82,"loc":{"start":{"line":82,"column":6},"end":{"line":94,"column":13}},"locations":[{"start":{"line":82,"column":6},"end":{"line":94,"column":13}}]},"11":{"type":"branch","line":84,"loc":{"start":{"line":84,"column":19},"end":{"line":93,"column":39}},"locations":[{"start":{"line":84,"column":19},"end":{"line":93,"column":39}}]},"12":{"type":"branch","line":99,"loc":{"start":{"line":99,"column":19},"end":{"line":99,"column":71}},"locations":[{"start":{"line":99,"column":19},"end":{"line":99,"column":71}}]}},"b":{"0":[0],"1":[0],"2":[0],"3":[0],"4":[1],"5":[0],"6":[1],"7":[1],"8":[0],"9":[1],"10":[1],"11":[0],"12":[1]},"fnMap":{"0":{"name":"memGet","decl":{"start":{"line":44,"column":9},"end":{"line":61,"column":39}},"loc":{"start":{"line":44,"column":9},"end":{"line":61,"column":39}},"line":44},"1":{"name":"memSet","decl":{"start":{"line":61,"column":22},"end":{"line":65,"column":27}},"loc":{"start":{"line":61,"column":22},"end":{"line":65,"column":27}},"line":61},"2":{"name":"memDelete","decl":{"start":{"line":65,"column":22},"end":{"line":67,"column":71}},"loc":{"start":{"line":65,"column":22},"end":{"line":67,"column":71}},"line":65},"3":{"name":"getCacheValue","decl":{"start":{"line":67,"column":19},"end":{"line":78,"column":6}},"loc":{"start":{"line":67,"column":19},"end":{"line":78,"column":6}},"line":67},"4":{"name":"get","decl":{"start":{"line":81,"column":27},"end":{"line":82,"column":13}},"loc":{"start":{"line":81,"column":27},"end":{"line":82,"column":13}},"line":81},"5":{"name":"setCacheValue","decl":{"start":{"line":82,"column":6},"end":{"line":94,"column":13}},"loc":{"start":{"line":82,"column":6},"end":{"line":94,"column":13}},"line":82},"6":{"name":"get","decl":{"start":{"line":99,"column":19},"end":{"line":99,"column":71}},"loc":{"start":{"line":99,"column":19},"end":{"line":99,"column":71}},"line":99},"7":{"name":"deleteCacheValue","decl":{"start":{"line":99,"column":19},"end":{"line":109,"column":17}},"loc":{"start":{"line":99,"column":19},"end":{"line":109,"column":17}},"line":99}},"f":{"0":1,"1":1,"2":0,"3":1,"4":1,"5":1,"6":1,"7":0}}
,"D:\\meu-contador\\backend\\src\\lib\\cache.ts": {"path":"D:\\meu-contador\\backend\\src\\lib\\cache.ts","all":true,"statementMap":{"0":{"start":{"line":1,"column":0},"end":{"line":1,"column":3}},"20":{"start":{"line":21,"column":0},"end":{"line":21,"column":31}},"22":{"start":{"line":23,"column":0},"end":{"line":23,"column":63}},"23":{"start":{"line":24,"column":0},"end":{"line":24,"column":67}},"25":{"start":{"line":26,"column":0},"end":{"line":26,"column":35}},"26":{"start":{"line":27,"column":0},"end":{"line":27,"column":64}},"27":{"start":{"line":28,"column":0},"end":{"line":28,"column":54}},"28":{"start":{"line":29,"column":0},"end":{"line":29,"column":8}},"29":{"start":{"line":30,"column":0},"end":{"line":30,"column":95}},"30":{"start":{"line":31,"column":0},"end":{"line":31,"column":1}},"34":{"start":{"line":35,"column":0},"end":{"line":35,"column":59}},"36":{"start":{"line":37,"column":0},"end":{"line":37,"column":43}},"37":{"start":{"line":38,"column":0},"end":{"line":38,"column":37}},"38":{"start":{"line":39,"column":0},"end":{"line":39,"column":26}},"39":{"start":{"line":40,"column":0},"end":{"line":40,"column":37}},"40":{"start":{"line":41,"column":0},"end":{"line":41,"column":28}},"41":{"start":{"line":42,"column":0},"end":{"line":42,"column":16}},"42":{"start":{"line":43,"column":0},"end":{"line":43,"column":3}},"43":{"start":{"line":44,"column":0},"end":{"line":44,"column":26}},"44":{"start":{"line":45,"column":0},"end":{"line":45,"column":1}},"46":{"start":{"line":47,"column":0},"end":{"line":47,"column":64}},"47":{"start":{"line":48,"column":0},"end":{"line":48,"column":65}},"48":{"start":{"line":49,"column":0},"end":{"line":49,"column":1}},"50":{"start":{"line":51,"column":0},"end":{"line":51,"column":39}},"51":{"start":{"line":52,"column":0},"end":{"line":52,"column":26}},"52":{"start":{"line":53,"column":0},"end":{"line":53,"column":1}},"60":{"start":{"line":61,"column":0},"end":{"line":61,"column":72}},"61":{"start":{"line":62,"column":0},"end":{"line":62,"column":14}},"62":{"start":{"line":63,"column":0},"end":{"line":63,"column":9}},"63":{"start":{"line":64,"column":0},"end":{"line":64,"column":44}},"64":{"start":{"line":65,"column":0},"end":{"line":65,"column":27}},"65":{"start":{"line":66,"column":0},"end":{"line":66,"column":19}},"66":{"start":{"line":67,"column":0},"end":{"line":67,"column":76}},"67":{"start":{"line":68,"column":0},"end":{"line":68,"column":28}},"68":{"start":{"line":69,"column":0},"end":{"line":69,"column":5}},"69":{"start":{"line":70,"column":0},"end":{"line":70,"column":3}},"70":{"start":{"line":71,"column":0},"end":{"line":71,"column":24}},"71":{"start":{"line":72,"column":0},"end":{"line":72,"column":1}},"76":{"start":{"line":77,"column":0},"end":{"line":77,"column":93}},"77":{"start":{"line":78,"column":0},"end":{"line":78,"column":14}},"78":{"start":{"line":79,"column":0},"end":{"line":79,"column":9}},"79":{"start":{"line":80,"column":0},"end":{"line":80,"column":49}},"80":{"start":{"line":81,"column":0},"end":{"line":81,"column":54}},"81":{"start":{"line":82,"column":0},"end":{"line":82,"column":13}},"82":{"start":{"line":83,"column":0},"end":{"line":83,"column":19}},"83":{"start":{"line":84,"column":0},"end":{"line":84,"column":76}},"84":{"start":{"line":85,"column":0},"end":{"line":85,"column":5}},"85":{"start":{"line":86,"column":0},"end":{"line":86,"column":3}},"86":{"start":{"line":87,"column":0},"end":{"line":87,"column":28}},"87":{"start":{"line":88,"column":0},"end":{"line":88,"column":1}},"92":{"start":{"line":93,"column":0},"end":{"line":93,"column":68}},"93":{"start":{"line":94,"column":0},"end":{"line":94,"column":14}},"94":{"start":{"line":95,"column":0},"end":{"line":95,"column":9}},"95":{"start":{"line":96,"column":0},"end":{"line":96,"column":27}},"96":{"start":{"line":97,"column":0},"end":{"line":97,"column":13}},"97":{"start":{"line":98,"column":0},"end":{"line":98,"column":19}},"98":{"start":{"line":99,"column":0},"end":{"line":99,"column":76}},"99":{"start":{"line":100,"column":0},"end":{"line":100,"column":5}},"100":{"start":{"line":101,"column":0},"end":{"line":101,"column":3}},"101":{"start":{"line":102,"column":0},"end":{"line":102,"column":17}},"102":{"start":{"line":103,"column":0},"end":{"line":103,"column":1}},"107":{"start":{"line":108,"column":0},"end":{"line":108,"column":55}},"108":{"start":{"line":109,"column":0},"end":{"line":109,"column":36}},"109":{"start":{"line":110,"column":0},"end":{"line":110,"column":1}}},"s":{"0":0,"20":0,"22":0,"23":0,"25":0,"26":0,"27":0,"28":0,"29":0,"30":0,"34":0,"36":0,"37":0,"38":0,"39":0,"40":0,"41":0,"42":0,"43":0,"44":0,"46":0,"47":0,"48":0,"50":0,"51":0,"52":0,"60":0,"61":0,"62":0,"63":0,"64":0,"65":0,"66":0,"67":0,"68":0,"69":0,"70":0,"71":0,"76":0,"77":0,"78":0,"79":0,"80":0,"81":0,"82":0,"83":0,"84":0,"85":0,"86":0,"87":0,"92":0,"93":0,"94":0,"95":0,"96":0,"97":0,"98":0,"99":0,"100":0,"101":0,"102":0,"107":0,"108":0,"109":0},"branchMap":{"0":{"type":"branch","line":1,"loc":{"start":{"line":1,"column":2839},"end":{"line":110,"column":1}},"locations":[{"start":{"line":1,"column":2839},"end":{"line":110,"column":1}}]}},"b":{"0":[0]},"fnMap":{"0":{"name":"(empty-report)","decl":{"start":{"line":1,"column":2839},"end":{"line":110,"column":1}},"loc":{"start":{"line":1,"column":2839},"end":{"line":110,"column":1}},"line":1}},"f":{"0":0}}
,"d:\\meu-contador\\backend\\src\\lib\\db.ts": {"path":"d:\\meu-contador\\backend\\src\\lib\\db.ts","all":false,"statementMap":{"0":{"start":{"line":1,"column":0},"end":{"line":1,"column":46}},"2":{"start":{"line":3,"column":0},"end":{"line":3,"column":30}}},"s":{"0":1,"2":1},"branchMap":{},"b":{},"fnMap":{},"f":{}}
,"D:\\meu-contador\\backend\\src\\lib\\db.ts": {"path":"D:\\meu-contador\\backend\\src\\lib\\db.ts","all":true,"statementMap":{"0":{"start":{"line":1,"column":0},"end":{"line":1,"column":46}},"2":{"start":{"line":3,"column":0},"end":{"line":3,"column":30}}},"s":{"0":0,"2":0},"branchMap":{"0":{"type":"branch","line":1,"loc":{"start":{"line":1,"column":0},"end":{"line":5,"column":-38}},"locations":[{"start":{"line":1,"column":0},"end":{"line":5,"column":-38}}]}},"b":{"0":[0]},"fnMap":{"0":{"name":"(empty-report)","decl":{"start":{"line":1,"column":0},"end":{"line":5,"column":-38}},"loc":{"start":{"line":1,"column":0},"end":{"line":5,"column":-38}},"line":1}},"f":{"0":0}}
,"D:\\meu-contador\\backend\\src\\lib\\ofx-parser.ts": {"path":"D:\\meu-contador\\backend\\src\\lib\\ofx-parser.ts","all":true,"statementMap":{"31":{"start":{"line":32,"column":0},"end":{"line":32,"column":73}},"33":{"start":{"line":34,"column":0},"end":{"line":34,"column":78}},"34":{"start":{"line":35,"column":0},"end":{"line":35,"column":42}},"37":{"start":{"line":38,"column":0},"end":{"line":38,"column":76}},"38":{"start":{"line":39,"column":0},"end":{"line":39,"column":44}},"40":{"start":{"line":41,"column":0},"end":{"line":41,"column":19}},"41":{"start":{"line":42,"column":0},"end":{"line":42,"column":1}},"46":{"start":{"line":47,"column":0},"end":{"line":47,"column":42}},"47":{"start":{"line":48,"column":0},"end":{"line":48,"column":76}},"48":{"start":{"line":49,"column":0},"end":{"line":49,"column":52}},"49":{"start":{"line":50,"column":0},"end":{"line":50,"column":56}},"50":{"start":{"line":51,"column":0},"end":{"line":51,"column":52}},"51":{"start":{"line":52,"column":0},"end":{"line":52,"column":84}},"52":{"start":{"line":53,"column":0},"end":{"line":53,"column":1}},"57":{"start":{"line":58,"column":0},"end":{"line":58,"column":81}},"58":{"start":{"line":59,"column":0},"end":{"line":59,"column":26}},"59":{"start":{"line":60,"column":0},"end":{"line":60,"column":42}},"60":{"start":{"line":61,"column":0},"end":{"line":61,"column":126}},"61":{"start":{"line":62,"column":0},"end":{"line":62,"column":131}},"62":{"start":{"line":63,"column":0},"end":{"line":63,"column":107}},"63":{"start":{"line":64,"column":0},"end":{"line":64,"column":79}},"64":{"start":{"line":65,"column":0},"end":{"line":65,"column":27}},"65":{"start":{"line":66,"column":0},"end":{"line":66,"column":3}},"67":{"start":{"line":68,"column":0},"end":{"line":68,"column":38}},"68":{"start":{"line":69,"column":0},"end":{"line":69,"column":123}},"69":{"start":{"line":70,"column":0},"end":{"line":70,"column":101}},"70":{"start":{"line":71,"column":0},"end":{"line":71,"column":108}},"71":{"start":{"line":72,"column":0},"end":{"line":72,"column":90}},"72":{"start":{"line":73,"column":0},"end":{"line":73,"column":93}},"73":{"start":{"line":74,"column":0},"end":{"line":74,"column":76}},"74":{"start":{"line":75,"column":0},"end":{"line":75,"column":86}},"75":{"start":{"line":76,"column":0},"end":{"line":76,"column":94}},"76":{"start":{"line":77,"column":0},"end":{"line":77,"column":78}},"77":{"start":{"line":78,"column":0},"end":{"line":78,"column":70}},"78":{"start":{"line":79,"column":0},"end":{"line":79,"column":68}},"79":{"start":{"line":80,"column":0},"end":{"line":80,"column":95}},"80":{"start":{"line":81,"column":0},"end":{"line":81,"column":85}},"81":{"start":{"line":82,"column":0},"end":{"line":82,"column":86}},"82":{"start":{"line":83,"column":0},"end":{"line":83,"column":79}},"83":{"start":{"line":84,"column":0},"end":{"line":84,"column":67}},"84":{"start":{"line":85,"column":0},"end":{"line":85,"column":18}},"85":{"start":{"line":86,"column":0},"end":{"line":86,"column":1}},"90":{"start":{"line":91,"column":0},"end":{"line":91,"column":75}},"91":{"start":{"line":92,"column":0},"end":{"line":92,"column":38}},"92":{"start":{"line":93,"column":0},"end":{"line":93,"column":43}},"93":{"start":{"line":94,"column":0},"end":{"line":94,"column":42}},"94":{"start":{"line":95,"column":0},"end":{"line":95,"column":64}},"96":{"start":{"line":97,"column":0},"end":{"line":97,"column":38}},"97":{"start":{"line":98,"column":0},"end":{"line":98,"column":39}},"98":{"start":{"line":99,"column":0},"end":{"line":99,"column":39}},"99":{"start":{"line":100,"column":0},"end":{"line":100,"column":39}},"100":{"start":{"line":101,"column":0},"end":{"line":101,"column":67}},"101":{"start":{"line":102,"column":0},"end":{"line":102,"column":44}},"102":{"start":{"line":103,"column":0},"end":{"line":103,"column":18}},"103":{"start":{"line":104,"column":0},"end":{"line":104,"column":1}},"108":{"start":{"line":109,"column":0},"end":{"line":109,"column":62}},"109":{"start":{"line":110,"column":0},"end":{"line":110,"column":30}},"112":{"start":{"line":113,"column":0},"end":{"line":113,"column":54}},"113":{"start":{"line":114,"column":0},"end":{"line":114,"column":12}},"114":{"start":{"line":115,"column":0},"end":{"line":115,"column":53}},"115":{"start":{"line":116,"column":0},"end":{"line":116,"column":26}},"116":{"start":{"line":117,"column":0},"end":{"line":117,"column":3}},"117":{"start":{"line":118,"column":0},"end":{"line":118,"column":39}},"120":{"start":{"line":121,"column":0},"end":{"line":121,"column":39}},"121":{"start":{"line":122,"column":0},"end":{"line":122,"column":29}},"122":{"start":{"line":123,"column":0},"end":{"line":123,"column":21}},"124":{"start":{"line":125,"column":0},"end":{"line":125,"column":29}},"125":{"start":{"line":126,"column":0},"end":{"line":126,"column":32}},"126":{"start":{"line":127,"column":0},"end":{"line":127,"column":48}},"127":{"start":{"line":128,"column":0},"end":{"line":128,"column":20}},"128":{"start":{"line":129,"column":0},"end":{"line":129,"column":19}},"129":{"start":{"line":130,"column":0},"end":{"line":130,"column":109}},"130":{"start":{"line":131,"column":0},"end":{"line":131,"column":62}},"131":{"start":{"line":132,"column":0},"end":{"line":132,"column":64}},"132":{"start":{"line":133,"column":0},"end":{"line":133,"column":53}},"133":{"start":{"line":134,"column":0},"end":{"line":134,"column":24}},"134":{"start":{"line":135,"column":0},"end":{"line":135,"column":25}},"135":{"start":{"line":136,"column":0},"end":{"line":136,"column":5}},"136":{"start":{"line":137,"column":0},"end":{"line":137,"column":3}},"137":{"start":{"line":138,"column":0},"end":{"line":138,"column":68}},"139":{"start":{"line":140,"column":0},"end":{"line":140,"column":16}},"140":{"start":{"line":141,"column":0},"end":{"line":141,"column":1}},"145":{"start":{"line":146,"column":0},"end":{"line":146,"column":50}},"146":{"start":{"line":147,"column":0},"end":{"line":147,"column":45}},"148":{"start":{"line":149,"column":0},"end":{"line":149,"column":60}},"149":{"start":{"line":150,"column":0},"end":{"line":150,"column":51}},"150":{"start":{"line":151,"column":0},"end":{"line":151,"column":52}},"152":{"start":{"line":153,"column":0},"end":{"line":153,"column":54}},"153":{"start":{"line":154,"column":0},"end":{"line":154,"column":52}},"155":{"start":{"line":156,"column":0},"end":{"line":156,"column":70}},"156":{"start":{"line":157,"column":0},"end":{"line":157,"column":70}},"158":{"start":{"line":159,"column":0},"end":{"line":159,"column":51}},"160":{"start":{"line":161,"column":0},"end":{"line":161,"column":47}},"161":{"start":{"line":162,"column":0},"end":{"line":162,"column":44}},"162":{"start":{"line":163,"column":0},"end":{"line":163,"column":11}},"163":{"start":{"line":164,"column":0},"end":{"line":164,"column":68}},"164":{"start":{"line":165,"column":0},"end":{"line":165,"column":58}},"165":{"start":{"line":166,"column":0},"end":{"line":166,"column":56}},"166":{"start":{"line":167,"column":0},"end":{"line":167,"column":95}},"167":{"start":{"line":168,"column":0},"end":{"line":168,"column":54}},"168":{"start":{"line":169,"column":0},"end":{"line":169,"column":54}},"170":{"start":{"line":171,"column":0},"end":{"line":171,"column":46}},"172":{"start":{"line":173,"column":0},"end":{"line":173,"column":60}},"173":{"start":{"line":174,"column":0},"end":{"line":174,"column":39}},"175":{"start":{"line":176,"column":0},"end":{"line":176,"column":36}},"176":{"start":{"line":177,"column":0},"end":{"line":177,"column":42}},"177":{"start":{"line":178,"column":0},"end":{"line":178,"column":75}},"180":{"start":{"line":181,"column":0},"end":{"line":181,"column":61}},"181":{"start":{"line":182,"column":0},"end":{"line":182,"column":45}},"182":{"start":{"line":183,"column":0},"end":{"line":183,"column":51}},"183":{"start":{"line":184,"column":0},"end":{"line":184,"column":18}},"185":{"start":{"line":186,"column":0},"end":{"line":186,"column":53}},"186":{"start":{"line":187,"column":0},"end":{"line":187,"column":63}},"187":{"start":{"line":188,"column":0},"end":{"line":188,"column":71}},"189":{"start":{"line":190,"column":0},"end":{"line":190,"column":83}},"190":{"start":{"line":191,"column":0},"end":{"line":191,"column":15}},"191":{"start":{"line":192,"column":0},"end":{"line":192,"column":20}},"192":{"start":{"line":193,"column":0},"end":{"line":193,"column":7}},"193":{"start":{"line":194,"column":0},"end":{"line":194,"column":6}},"194":{"start":{"line":195,"column":0},"end":{"line":195,"column":52}},"196":{"start":{"line":197,"column":0},"end":{"line":197,"column":75}},"197":{"start":{"line":198,"column":0},"end":{"line":198,"column":1}}},"s":{"31":0,"33":0,"34":0,"37":0,"38":0,"40":0,"41":0,"46":0,"47":0,"48":0,"49":0,"50":0,"51":0,"52":0,"57":0,"58":0,"59":0,"60":0,"61":0,"62":0,"63":0,"64":0,"65":0,"67":0,"68":0,"69":0,"70":0,"71":0,"72":0,"73":0,"74":0,"75":0,"76":0,"77":0,"78":0,"79":0,"80":0,"81":0,"82":0,"83":0,"84":0,"85":0,"90":0,"91":0,"92":0,"93":0,"94":0,"96":0,"97":0,"98":0,"99":0,"100":0,"101":0,"102":0,"103":0,"108":0,"109":0,"112":0,"113":0,"114":0,"115":0,"116":0,"117":0,"120":0,"121":0,"122":0,"124":0,"125":0,"126":0,"127":0,"128":0,"129":0,"130":0,"131":0,"132":0,"133":0,"134":0,"135":0,"136":0,"137":0,"139":0,"140":0,"145":0,"146":0,"148":0,"149":0,"150":0,"152":0,"153":0,"155":0,"156":0,"158":0,"160":0,"161":0,"162":0,"163":0,"164":0,"165":0,"166":0,"167":0,"168":0,"170":0,"172":0,"173":0,"175":0,"176":0,"177":0,"180":0,"181":0,"182":0,"183":0,"185":0,"186":0,"187":0,"189":0,"190":0,"191":0,"192":0,"193":0,"194":0,"196":0,"197":0},"branchMap":{"0":{"type":"branch","line":1,"loc":{"start":{"line":1,"column":8517},"end":{"line":198,"column":1}},"locations":[{"start":{"line":1,"column":8517},"end":{"line":198,"column":1}}]}},"b":{"0":[1]},"fnMap":{"0":{"name":"(empty-report)","decl":{"start":{"line":1,"column":8517},"end":{"line":198,"column":1}},"loc":{"start":{"line":1,"column":8517},"end":{"line":198,"column":1}},"line":1}},"f":{"0":1}}
,"d:\\meu-contador\\backend\\src\\lib\\webpush.ts": {"path":"d:\\meu-contador\\backend\\src\\lib\\webpush.ts","all":false,"statementMap":{"0":{"start":{"line":1,"column":0},"end":{"line":1,"column":63}},"3":{"start":{"line":4,"column":0},"end":{"line":4,"column":16}},"5":{"start":{"line":6,"column":0},"end":{"line":6,"column":47}},"6":{"start":{"line":7,"column":0},"end":{"line":7,"column":49}},"8":{"start":{"line":9,"column":0},"end":{"line":9,"column":30}},"9":{"start":{"line":10,"column":0},"end":{"line":10,"column":26}},"10":{"start":{"line":11,"column":0},"end":{"line":11,"column":35}},"11":{"start":{"line":12,"column":0},"end":{"line":12,"column":14}},"12":{"start":{"line":13,"column":0},"end":{"line":13,"column":14}},"13":{"start":{"line":14,"column":0},"end":{"line":14,"column":4}},"14":{"start":{"line":15,"column":0},"end":{"line":15,"column":8}},"15":{"start":{"line":16,"column":0},"end":{"line":16,"column":78}},"16":{"start":{"line":17,"column":0},"end":{"line":17,"column":1}}},"s":{"0":1,"3":1,"5":1,"6":1,"8":1,"9":1,"10":1,"11":1,"12":1,"13":1,"14":1,"15":1,"16":1},"branchMap":{},"b":{},"fnMap":{},"f":{}}
,"D:\\meu-contador\\backend\\src\\lib\\webpush.ts": {"path":"D:\\meu-contador\\backend\\src\\lib\\webpush.ts","all":true,"statementMap":{"0":{"start":{"line":1,"column":0},"end":{"line":1,"column":63}},"3":{"start":{"line":4,"column":0},"end":{"line":4,"column":16}},"5":{"start":{"line":6,"column":0},"end":{"line":6,"column":47}},"6":{"start":{"line":7,"column":0},"end":{"line":7,"column":49}},"8":{"start":{"line":9,"column":0},"end":{"line":9,"column":30}},"9":{"start":{"line":10,"column":0},"end":{"line":10,"column":26}},"10":{"start":{"line":11,"column":0},"end":{"line":11,"column":35}},"11":{"start":{"line":12,"column":0},"end":{"line":12,"column":14}},"12":{"start":{"line":13,"column":0},"end":{"line":13,"column":14}},"13":{"start":{"line":14,"column":0},"end":{"line":14,"column":4}},"14":{"start":{"line":15,"column":0},"end":{"line":15,"column":8}},"15":{"start":{"line":16,"column":0},"end":{"line":16,"column":78}},"16":{"start":{"line":17,"column":0},"end":{"line":17,"column":1}}},"s":{"0":0,"3":0,"5":0,"6":0,"8":0,"9":0,"10":0,"11":0,"12":0,"13":0,"14":0,"15":0,"16":0},"branchMap":{"0":{"type":"branch","line":1,"loc":{"start":{"line":1,"column":0},"end":{"line":19,"column":-97}},"locations":[{"start":{"line":1,"column":0},"end":{"line":19,"column":-97}}]}},"b":{"0":[0]},"fnMap":{"0":{"name":"(empty-report)","decl":{"start":{"line":1,"column":0},"end":{"line":19,"column":-97}},"loc":{"start":{"line":1,"column":0},"end":{"line":19,"column":-97}},"line":1}},"f":{"0":0}}
,"d:\\meu-contador\\backend\\src\\routes\\ai.ts": {"path":"d:\\meu-contador\\backend\\src\\routes\\ai.ts","all":false,"statementMap":{"0":{"start":{"line":1,"column":0},"end":{"line":1,"column":42}},"8":{"start":{"line":9,"column":0},"end":{"line":9,"column":38}},"9":{"start":{"line":10,"column":0},"end":{"line":10,"column":34}},"10":{"start":{"line":11,"column":0},"end":{"line":11,"column":59}},"11":{"start":{"line":12,"column":0},"end":{"line":12,"column":78}},"12":{"start":{"line":13,"column":0},"end":{"line":13,"column":14}},"14":{"start":{"line":15,"column":0},"end":{"line":15,"column":46}},"15":{"start":{"line":16,"column":0},"end":{"line":16,"column":38}},"16":{"start":{"line":17,"column":0},"end":{"line":17,"column":47}},"17":{"start":{"line":18,"column":0},"end":{"line":18,"column":3}},"19":{"start":{"line":20,"column":0},"end":{"line":20,"column":44}},"20":{"start":{"line":21,"column":0},"end":{"line":21,"column":33}},"21":{"start":{"line":22,"column":0},"end":{"line":22,"column":39}},"22":{"start":{"line":23,"column":0},"end":{"line":23,"column":41}},"23":{"start":{"line":24,"column":0},"end":{"line":24,"column":37}},"24":{"start":{"line":25,"column":0},"end":{"line":25,"column":31}},"25":{"start":{"line":26,"column":0},"end":{"line":26,"column":35}},"26":{"start":{"line":27,"column":0},"end":{"line":27,"column":47}},"27":{"start":{"line":28,"column":0},"end":{"line":28,"column":23}},"28":{"start":{"line":29,"column":0},"end":{"line":29,"column":33}},"29":{"start":{"line":30,"column":0},"end":{"line":30,"column":25}},"30":{"start":{"line":31,"column":0},"end":{"line":31,"column":72}},"31":{"start":{"line":32,"column":0},"end":{"line":32,"column":81}},"32":{"start":{"line":33,"column":0},"end":{"line":33,"column":77}},"33":{"start":{"line":34,"column":0},"end":{"line":34,"column":3}},"35":{"start":{"line":36,"column":0},"end":{"line":36,"column":36}},"36":{"start":{"line":37,"column":0},"end":{"line":37,"column":68}},"37":{"start":{"line":38,"column":0},"end":{"line":38,"column":26}},"38":{"start":{"line":39,"column":0},"end":{"line":39,"column":57}},"39":{"start":{"line":40,"column":0},"end":{"line":40,"column":62}},"40":{"start":{"line":41,"column":0},"end":{"line":41,"column":35}},"41":{"start":{"line":42,"column":0},"end":{"line":42,"column":58}},"42":{"start":{"line":43,"column":0},"end":{"line":43,"column":130}},"43":{"start":{"line":44,"column":0},"end":{"line":44,"column":60}},"44":{"start":{"line":45,"column":0},"end":{"line":45,"column":3}},"46":{"start":{"line":47,"column":0},"end":{"line":47,"column":40}},"47":{"start":{"line":48,"column":0},"end":{"line":48,"column":23}},"48":{"start":{"line":49,"column":0},"end":{"line":49,"column":25}},"49":{"start":{"line":50,"column":0},"end":{"line":50,"column":43}},"50":{"start":{"line":51,"column":0},"end":{"line":51,"column":40}},"51":{"start":{"line":52,"column":0},"end":{"line":52,"column":16}},"52":{"start":{"line":53,"column":0},"end":{"line":53,"column":3}},"54":{"start":{"line":55,"column":0},"end":{"line":55,"column":56}},"56":{"start":{"line":57,"column":0},"end":{"line":57,"column":46}},"57":{"start":{"line":58,"column":0},"end":{"line":58,"column":78}},"58":{"start":{"line":59,"column":0},"end":{"line":59,"column":1}},"60":{"start":{"line":61,"column":0},"end":{"line":61,"column":92}},"61":{"start":{"line":62,"column":0},"end":{"line":62,"column":31}},"63":{"start":{"line":64,"column":0},"end":{"line":64,"column":22}},"64":{"start":{"line":65,"column":0},"end":{"line":65,"column":75}},"65":{"start":{"line":66,"column":0},"end":{"line":66,"column":64}},"66":{"start":{"line":67,"column":0},"end":{"line":67,"column":72}},"67":{"start":{"line":68,"column":0},"end":{"line":68,"column":96}},"68":{"start":{"line":69,"column":0},"end":{"line":69,"column":62}},"70":{"start":{"line":71,"column":0},"end":{"line":71,"column":65}},"71":{"start":{"line":72,"column":0},"end":{"line":72,"column":1}},"73":{"start":{"line":74,"column":0},"end":{"line":74,"column":75}},"74":{"start":{"line":75,"column":0},"end":{"line":75,"column":67}},"75":{"start":{"line":76,"column":0},"end":{"line":76,"column":30}},"76":{"start":{"line":77,"column":0},"end":{"line":77,"column":40}},"77":{"start":{"line":78,"column":0},"end":{"line":78,"column":36}},"78":{"start":{"line":79,"column":0},"end":{"line":79,"column":38}},"79":{"start":{"line":80,"column":0},"end":{"line":80,"column":39}},"80":{"start":{"line":81,"column":0},"end":{"line":81,"column":24}},"81":{"start":{"line":82,"column":0},"end":{"line":82,"column":1}},"83":{"start":{"line":84,"column":0},"end":{"line":84,"column":71}},"84":{"start":{"line":85,"column":0},"end":{"line":85,"column":10}},"85":{"start":{"line":86,"column":0},"end":{"line":86,"column":28}},"86":{"start":{"line":87,"column":0},"end":{"line":87,"column":11}},"87":{"start":{"line":88,"column":0},"end":{"line":88,"column":57}},"88":{"start":{"line":89,"column":0},"end":{"line":89,"column":95}},"89":{"start":{"line":90,"column":0},"end":{"line":90,"column":53}},"90":{"start":{"line":91,"column":0},"end":{"line":91,"column":61}},"91":{"start":{"line":92,"column":0},"end":{"line":92,"column":100}},"92":{"start":{"line":93,"column":0},"end":{"line":93,"column":127}},"93":{"start":{"line":94,"column":0},"end":{"line":94,"column":4}},"94":{"start":{"line":95,"column":0},"end":{"line":95,"column":1}},"96":{"start":{"line":97,"column":0},"end":{"line":97,"column":85}},"97":{"start":{"line":98,"column":0},"end":{"line":98,"column":31}},"98":{"start":{"line":99,"column":0},"end":{"line":99,"column":76}},"99":{"start":{"line":100,"column":0},"end":{"line":100,"column":1}},"101":{"start":{"line":102,"column":0},"end":{"line":102,"column":105}},"102":{"start":{"line":103,"column":0},"end":{"line":103,"column":51}},"103":{"start":{"line":104,"column":0},"end":{"line":104,"column":23}},"104":{"start":{"line":105,"column":0},"end":{"line":105,"column":59}},"105":{"start":{"line":106,"column":0},"end":{"line":106,"column":6}},"106":{"start":{"line":107,"column":0},"end":{"line":107,"column":1}},"108":{"start":{"line":109,"column":0},"end":{"line":109,"column":87}},"109":{"start":{"line":110,"column":0},"end":{"line":110,"column":34}},"111":{"start":{"line":112,"column":0},"end":{"line":112,"column":17}},"112":{"start":{"line":113,"column":0},"end":{"line":113,"column":89}},"113":{"start":{"line":114,"column":0},"end":{"line":114,"column":112}},"114":{"start":{"line":115,"column":0},"end":{"line":115,"column":127}},"115":{"start":{"line":116,"column":0},"end":{"line":116,"column":131}},"116":{"start":{"line":117,"column":0},"end":{"line":117,"column":98}},"117":{"start":{"line":118,"column":0},"end":{"line":118,"column":204}},"118":{"start":{"line":119,"column":0},"end":{"line":119,"column":144}},"119":{"start":{"line":120,"column":0},"end":{"line":120,"column":168}},"120":{"start":{"line":121,"column":0},"end":{"line":121,"column":156}},"121":{"start":{"line":122,"column":0},"end":{"line":122,"column":20}},"123":{"start":{"line":124,"column":0},"end":{"line":124,"column":53}},"124":{"start":{"line":125,"column":0},"end":{"line":125,"column":1}},"126":{"start":{"line":127,"column":0},"end":{"line":127,"column":54}},"127":{"start":{"line":128,"column":0},"end":{"line":128,"column":29}},"128":{"start":{"line":129,"column":0},"end":{"line":129,"column":13}},"129":{"start":{"line":130,"column":0},"end":{"line":130,"column":18}},"130":{"start":{"line":131,"column":0},"end":{"line":131,"column":40}},"131":{"start":{"line":132,"column":0},"end":{"line":132,"column":31}},"132":{"start":{"line":133,"column":0},"end":{"line":133,"column":8}},"133":{"start":{"line":134,"column":0},"end":{"line":134,"column":6}},"134":{"start":{"line":135,"column":0},"end":{"line":135,"column":13}},"135":{"start":{"line":136,"column":0},"end":{"line":136,"column":19}},"136":{"start":{"line":137,"column":0},"end":{"line":137,"column":37}},"137":{"start":{"line":138,"column":0},"end":{"line":138,"column":30}},"138":{"start":{"line":139,"column":0},"end":{"line":139,"column":17}},"139":{"start":{"line":140,"column":0},"end":{"line":140,"column":35}},"140":{"start":{"line":141,"column":0},"end":{"line":141,"column":27}},"141":{"start":{"line":142,"column":0},"end":{"line":142,"column":27}},"142":{"start":{"line":143,"column":0},"end":{"line":143,"column":8}},"143":{"start":{"line":144,"column":0},"end":{"line":144,"column":6}},"144":{"start":{"line":145,"column":0},"end":{"line":145,"column":35}},"145":{"start":{"line":146,"column":0},"end":{"line":146,"column":32}},"146":{"start":{"line":147,"column":0},"end":{"line":147,"column":51}},"147":{"start":{"line":148,"column":0},"end":{"line":148,"column":95}},"148":{"start":{"line":149,"column":0},"end":{"line":149,"column":25}},"149":{"start":{"line":150,"column":0},"end":{"line":150,"column":64}},"150":{"start":{"line":151,"column":0},"end":{"line":151,"column":35}},"151":{"start":{"line":152,"column":0},"end":{"line":152,"column":27}},"152":{"start":{"line":153,"column":0},"end":{"line":153,"column":89}},"153":{"start":{"line":154,"column":0},"end":{"line":154,"column":7}},"155":{"start":{"line":156,"column":0},"end":{"line":156,"column":41}},"156":{"start":{"line":157,"column":0},"end":{"line":157,"column":144}},"157":{"start":{"line":158,"column":0},"end":{"line":158,"column":14}},"158":{"start":{"line":159,"column":0},"end":{"line":159,"column":17}},"159":{"start":{"line":160,"column":0},"end":{"line":160,"column":119}},"160":{"start":{"line":161,"column":0},"end":{"line":161,"column":95}},"162":{"start":{"line":163,"column":0},"end":{"line":163,"column":8}},"163":{"start":{"line":164,"column":0},"end":{"line":164,"column":6}},"165":{"start":{"line":166,"column":0},"end":{"line":166,"column":9}},"166":{"start":{"line":167,"column":0},"end":{"line":167,"column":133}},"167":{"start":{"line":168,"column":0},"end":{"line":168,"column":48}},"168":{"start":{"line":169,"column":0},"end":{"line":169,"column":71}},"169":{"start":{"line":170,"column":0},"end":{"line":170,"column":71}},"171":{"start":{"line":172,"column":0},"end":{"line":172,"column":20}},"172":{"start":{"line":173,"column":0},"end":{"line":173,"column":73}},"173":{"start":{"line":174,"column":0},"end":{"line":174,"column":16}},"174":{"start":{"line":175,"column":0},"end":{"line":175,"column":274}},"175":{"start":{"line":176,"column":0},"end":{"line":176,"column":10}},"176":{"start":{"line":177,"column":0},"end":{"line":177,"column":7}},"179":{"start":{"line":180,"column":0},"end":{"line":180,"column":23}},"180":{"start":{"line":181,"column":0},"end":{"line":181,"column":53}},"181":{"start":{"line":182,"column":0},"end":{"line":182,"column":47}},"182":{"start":{"line":183,"column":0},"end":{"line":183,"column":50}},"183":{"start":{"line":184,"column":0},"end":{"line":184,"column":33}},"184":{"start":{"line":185,"column":0},"end":{"line":185,"column":11}},"185":{"start":{"line":186,"column":0},"end":{"line":186,"column":30}},"186":{"start":{"line":187,"column":0},"end":{"line":187,"column":7}},"188":{"start":{"line":189,"column":0},"end":{"line":189,"column":19}},"189":{"start":{"line":190,"column":0},"end":{"line":190,"column":16}},"190":{"start":{"line":191,"column":0},"end":{"line":191,"column":205}},"191":{"start":{"line":192,"column":0},"end":{"line":192,"column":10}},"192":{"start":{"line":193,"column":0},"end":{"line":193,"column":7}},"195":{"start":{"line":196,"column":0},"end":{"line":196,"column":51}},"196":{"start":{"line":197,"column":0},"end":{"line":197,"column":21}},"197":{"start":{"line":198,"column":0},"end":{"line":198,"column":7}},"199":{"start":{"line":200,"column":0},"end":{"line":200,"column":51}},"200":{"start":{"line":201,"column":0},"end":{"line":201,"column":65}},"201":{"start":{"line":202,"column":0},"end":{"line":202,"column":79}},"202":{"start":{"line":203,"column":0},"end":{"line":203,"column":63}},"203":{"start":{"line":204,"column":0},"end":{"line":204,"column":31}},"204":{"start":{"line":205,"column":0},"end":{"line":205,"column":54}},"205":{"start":{"line":206,"column":0},"end":{"line":206,"column":32}},"206":{"start":{"line":207,"column":0},"end":{"line":207,"column":29}},"207":{"start":{"line":208,"column":0},"end":{"line":208,"column":54}},"208":{"start":{"line":209,"column":0},"end":{"line":209,"column":42}},"210":{"start":{"line":211,"column":0},"end":{"line":211,"column":50}},"211":{"start":{"line":212,"column":0},"end":{"line":212,"column":85}},"212":{"start":{"line":213,"column":0},"end":{"line":213,"column":7}},"214":{"start":{"line":215,"column":0},"end":{"line":215,"column":27}},"215":{"start":{"line":216,"column":0},"end":{"line":216,"column":28}},"216":{"start":{"line":217,"column":0},"end":{"line":217,"column":41}},"217":{"start":{"line":218,"column":0},"end":{"line":218,"column":77}},"218":{"start":{"line":219,"column":0},"end":{"line":219,"column":79}},"219":{"start":{"line":220,"column":0},"end":{"line":220,"column":80}},"220":{"start":{"line":221,"column":0},"end":{"line":221,"column":38}},"221":{"start":{"line":222,"column":0},"end":{"line":222,"column":25}},"222":{"start":{"line":223,"column":0},"end":{"line":223,"column":68}},"223":{"start":{"line":224,"column":0},"end":{"line":224,"column":86}},"224":{"start":{"line":225,"column":0},"end":{"line":225,"column":120}},"225":{"start":{"line":226,"column":0},"end":{"line":226,"column":116}},"226":{"start":{"line":227,"column":0},"end":{"line":227,"column":107}},"227":{"start":{"line":228,"column":0},"end":{"line":228,"column":38}},"228":{"start":{"line":229,"column":0},"end":{"line":229,"column":8}},"231":{"start":{"line":232,"column":0},"end":{"line":232,"column":27}},"232":{"start":{"line":233,"column":0},"end":{"line":233,"column":53}},"233":{"start":{"line":234,"column":0},"end":{"line":234,"column":51}},"234":{"start":{"line":235,"column":0},"end":{"line":235,"column":50}},"235":{"start":{"line":236,"column":0},"end":{"line":236,"column":20}},"236":{"start":{"line":237,"column":0},"end":{"line":237,"column":23}},"237":{"start":{"line":238,"column":0},"end":{"line":238,"column":30}},"238":{"start":{"line":239,"column":0},"end":{"line":239,"column":34}},"239":{"start":{"line":240,"column":0},"end":{"line":240,"column":32}},"240":{"start":{"line":241,"column":0},"end":{"line":241,"column":30}},"241":{"start":{"line":242,"column":0},"end":{"line":242,"column":11}},"242":{"start":{"line":243,"column":0},"end":{"line":243,"column":11}},"244":{"start":{"line":245,"column":0},"end":{"line":245,"column":23}},"245":{"start":{"line":246,"column":0},"end":{"line":246,"column":25}},"247":{"start":{"line":248,"column":0},"end":{"line":248,"column":34}},"248":{"start":{"line":249,"column":0},"end":{"line":249,"column":42}},"249":{"start":{"line":250,"column":0},"end":{"line":250,"column":73}},"250":{"start":{"line":251,"column":0},"end":{"line":251,"column":56}},"251":{"start":{"line":252,"column":0},"end":{"line":252,"column":47}},"254":{"start":{"line":255,"column":0},"end":{"line":255,"column":220}},"255":{"start":{"line":256,"column":0},"end":{"line":256,"column":98}},"257":{"start":{"line":258,"column":0},"end":{"line":258,"column":9}},"258":{"start":{"line":259,"column":0},"end":{"line":259,"column":7}},"260":{"start":{"line":261,"column":0},"end":{"line":261,"column":47}},"261":{"start":{"line":262,"column":0},"end":{"line":262,"column":25}},"262":{"start":{"line":263,"column":0},"end":{"line":263,"column":85}},"264":{"start":{"line":265,"column":0},"end":{"line":265,"column":14}},"269":{"start":{"line":270,"column":0},"end":{"line":270,"column":9}},"272":{"start":{"line":273,"column":0},"end":{"line":273,"column":60}},"273":{"start":{"line":274,"column":0},"end":{"line":274,"column":58}},"274":{"start":{"line":275,"column":0},"end":{"line":275,"column":38}},"275":{"start":{"line":276,"column":0},"end":{"line":276,"column":10}},"278":{"start":{"line":279,"column":0},"end":{"line":279,"column":38}},"279":{"start":{"line":280,"column":0},"end":{"line":280,"column":33}},"280":{"start":{"line":281,"column":0},"end":{"line":281,"column":28}},"281":{"start":{"line":282,"column":0},"end":{"line":282,"column":23}},"282":{"start":{"line":283,"column":0},"end":{"line":283,"column":126}},"283":{"start":{"line":284,"column":0},"end":{"line":284,"column":11}},"284":{"start":{"line":285,"column":0},"end":{"line":285,"column":28}},"285":{"start":{"line":286,"column":0},"end":{"line":286,"column":24}},"286":{"start":{"line":287,"column":0},"end":{"line":287,"column":70}},"287":{"start":{"line":288,"column":0},"end":{"line":288,"column":11}},"288":{"start":{"line":289,"column":0},"end":{"line":289,"column":7}},"290":{"start":{"line":291,"column":0},"end":{"line":291,"column":36}},"291":{"start":{"line":292,"column":0},"end":{"line":292,"column":28}},"292":{"start":{"line":293,"column":0},"end":{"line":293,"column":23}},"293":{"start":{"line":294,"column":0},"end":{"line":294,"column":90}},"294":{"start":{"line":295,"column":0},"end":{"line":295,"column":11}},"295":{"start":{"line":296,"column":0},"end":{"line":296,"column":28}},"296":{"start":{"line":297,"column":0},"end":{"line":297,"column":24}},"297":{"start":{"line":298,"column":0},"end":{"line":298,"column":80}},"298":{"start":{"line":299,"column":0},"end":{"line":299,"column":11}},"299":{"start":{"line":300,"column":0},"end":{"line":300,"column":7}},"302":{"start":{"line":303,"column":0},"end":{"line":303,"column":45}},"304":{"start":{"line":305,"column":0},"end":{"line":305,"column":33}},"305":{"start":{"line":306,"column":0},"end":{"line":306,"column":28}},"306":{"start":{"line":307,"column":0},"end":{"line":307,"column":23}},"307":{"start":{"line":308,"column":0},"end":{"line":308,"column":49}},"308":{"start":{"line":309,"column":0},"end":{"line":309,"column":11}},"309":{"start":{"line":310,"column":0},"end":{"line":310,"column":7}},"312":{"start":{"line":313,"column":0},"end":{"line":313,"column":78}},"313":{"start":{"line":314,"column":0},"end":{"line":314,"column":53}},"315":{"start":{"line":316,"column":0},"end":{"line":316,"column":85}},"317":{"start":{"line":318,"column":0},"end":{"line":318,"column":19}},"318":{"start":{"line":319,"column":0},"end":{"line":319,"column":25}},"319":{"start":{"line":320,"column":0},"end":{"line":320,"column":32}},"320":{"start":{"line":321,"column":0},"end":{"line":321,"column":66}},"321":{"start":{"line":322,"column":0},"end":{"line":322,"column":52}},"322":{"start":{"line":323,"column":0},"end":{"line":323,"column":58}},"323":{"start":{"line":324,"column":0},"end":{"line":324,"column":9}},"324":{"start":{"line":325,"column":0},"end":{"line":325,"column":37}},"325":{"start":{"line":326,"column":0},"end":{"line":326,"column":5}},"326":{"start":{"line":327,"column":0},"end":{"line":327,"column":5}},"327":{"start":{"line":328,"column":0},"end":{"line":328,"column":1}}},"s":{"0":1,"8":1,"9":1,"10":1,"11":1,"12":1,"14":1,"15":1,"16":1,"17":1,"19":1,"20":1,"21":1,"22":1,"23":1,"24":1,"25":1,"26":1,"27":1,"28":1,"29":1,"30":1,"31":1,"32":1,"33":1,"35":1,"36":1,"37":1,"38":1,"39":1,"40":1,"41":1,"42":1,"43":1,"44":1,"46":1,"47":4,"48":1,"49":1,"50":1,"51":1,"52":1,"54":1,"56":1,"57":1,"58":1,"60":1,"61":4,"63":4,"64":4,"65":1,"66":96,"67":93,"68":93,"70":93,"71":93,"73":93,"74":93,"75":93,"76":93,"77":1,"78":27,"79":27,"80":27,"81":27,"83":27,"84":27,"85":27,"86":2,"87":27,"88":1,"89":8,"90":8,"91":8,"92":8,"93":8,"94":8,"96":8,"97":0,"98":8,"99":0,"101":1,"102":95,"103":94,"104":95,"105":2,"106":2,"108":2,"109":2,"111":2,"112":9,"113":1,"114":2,"115":2,"116":2,"117":2,"118":2,"119":2,"120":2,"121":1,"123":2,"124":1,"126":1,"127":1,"128":1,"129":1,"130":2,"131":2,"132":2,"133":0,"134":1,"135":1,"136":1,"137":1,"138":1,"139":1,"140":1,"141":1,"142":1,"143":1,"144":1,"145":1,"146":1,"147":1,"148":1,"149":1,"150":1,"151":1,"152":1,"153":1,"155":1,"156":1,"157":1,"158":1,"159":0,"160":0,"162":0,"163":0,"165":0,"166":0,"167":0,"168":1,"169":1,"171":1,"172":1,"173":1,"174":1,"175":1,"176":1,"179":1,"180":1,"181":1,"182":1,"183":3,"184":3,"185":1,"186":3,"188":3,"189":3,"190":3,"191":1,"192":1,"195":1,"196":1,"197":1,"199":1,"200":1,"201":1,"202":2,"203":2,"204":2,"205":2,"206":2,"207":2,"208":2,"210":2,"211":2,"212":2,"214":2,"215":2,"216":2,"217":1,"218":1,"219":1,"220":1,"221":1,"222":1,"223":1,"224":1,"225":1,"226":1,"227":1,"228":0,"231":0,"232":1,"233":1,"234":1,"235":1,"236":1,"237":1,"238":1,"239":1,"240":1,"241":1,"242":1,"244":1,"245":1,"247":1,"248":1,"249":1,"250":1,"251":1,"254":1,"255":1,"257":1,"258":1,"260":1,"261":1,"262":1,"264":1,"269":1,"272":1,"273":1,"274":1,"275":1,"278":1,"279":1,"280":1,"281":1,"282":1,"283":0,"284":0,"285":0,"286":0,"287":0,"288":0,"290":0,"291":0,"292":0,"293":0,"294":1,"295":1,"296":1,"297":1,"298":1,"299":1,"302":1,"304":1,"305":1,"306":1,"307":1,"308":1,"309":1,"312":1,"313":1,"315":1,"317":1,"318":1,"319":1,"320":1,"321":1,"322":1,"323":1,"324":1,"325":1,"326":1,"327":1},"branchMap":{"0":{"type":"branch","line":47,"loc":{"start":{"line":47,"column":30},"end":{"line":49,"column":15}},"locations":[{"start":{"line":47,"column":30},"end":{"line":49,"column":15}}]},"1":{"type":"branch","line":48,"loc":{"start":{"line":48,"column":12},"end":{"line":49,"column":15}},"locations":[{"start":{"line":48,"column":12},"end":{"line":49,"column":15}}]},"2":{"type":"branch","line":48,"loc":{"start":{"line":48,"column":21},"end":{"line":49,"column":15}},"locations":[{"start":{"line":48,"column":21},"end":{"line":49,"column":15}}]},"3":{"type":"branch","line":61,"loc":{"start":{"line":61,"column":66},"end":{"line":66,"column":13}},"locations":[{"start":{"line":61,"column":66},"end":{"line":66,"column":13}}]},"4":{"type":"branch","line":66,"loc":{"start":{"line":66,"column":13},"end":{"line":78,"column":19}},"locations":[{"start":{"line":66,"column":13},"end":{"line":78,"column":19}}]},"5":{"type":"branch","line":67,"loc":{"start":{"line":67,"column":13},"end":{"line":67,"column":54}},"locations":[{"start":{"line":67,"column":13},"end":{"line":67,"column":54}}]},"6":{"type":"branch","line":67,"loc":{"start":{"line":67,"column":13},"end":{"line":78,"column":19}},"locations":[{"start":{"line":67,"column":13},"end":{"line":78,"column":19}}]},"7":{"type":"branch","line":78,"loc":{"start":{"line":78,"column":19},"end":{"line":89,"column":35}},"locations":[{"start":{"line":78,"column":19},"end":{"line":89,"column":35}}]},"8":{"type":"branch","line":80,"loc":{"start":{"line":80,"column":27},"end":{"line":81,"column":9}},"locations":[{"start":{"line":80,"column":27},"end":{"line":81,"column":9}}]},"9":{"type":"branch","line":84,"loc":{"start":{"line":84,"column":25},"end":{"line":85,"column":9}},"locations":[{"start":{"line":84,"column":25},"end":{"line":85,"column":9}}]},"10":{"type":"branch","line":86,"loc":{"start":{"line":86,"column":11},"end":{"line":86,"column":28}},"locations":[{"start":{"line":86,"column":11},"end":{"line":86,"column":28}}]},"11":{"type":"branch","line":86,"loc":{"start":{"line":86,"column":11},"end":{"line":88,"column":31}},"locations":[{"start":{"line":86,"column":11},"end":{"line":88,"column":31}}]},"12":{"type":"branch","line":88,"loc":{"start":{"line":88,"column":23},"end":{"line":89,"column":35}},"locations":[{"start":{"line":88,"column":23},"end":{"line":89,"column":35}}]},"13":{"type":"branch","line":89,"loc":{"start":{"line":89,"column":27},"end":{"line":102,"column":72}},"locations":[{"start":{"line":89,"column":27},"end":{"line":102,"column":72}}]},"14":{"type":"branch","line":91,"loc":{"start":{"line":91,"column":26},"end":{"line":91,"column":42}},"locations":[{"start":{"line":91,"column":26},"end":{"line":91,"column":42}}]},"15":{"type":"branch","line":92,"loc":{"start":{"line":92,"column":22},"end":{"line":92,"column":88}},"locations":[{"start":{"line":92,"column":22},"end":{"line":92,"column":88}}]},"16":{"type":"branch","line":92,"loc":{"start":{"line":92,"column":82},"end":{"line":92,"column":97}},"locations":[{"start":{"line":92,"column":82},"end":{"line":92,"column":97}}]},"17":{"type":"branch","line":97,"loc":{"start":{"line":97,"column":45},"end":{"line":99,"column":9}},"locations":[{"start":{"line":97,"column":45},"end":{"line":99,"column":9}}]},"18":{"type":"branch","line":99,"loc":{"start":{"line":99,"column":54},"end":{"line":102,"column":29}},"locations":[{"start":{"line":99,"column":54},"end":{"line":102,"column":29}}]},"19":{"type":"branch","line":102,"loc":{"start":{"line":102,"column":29},"end":{"line":105,"column":59}},"locations":[{"start":{"line":102,"column":29},"end":{"line":105,"column":59}}]},"20":{"type":"branch","line":103,"loc":{"start":{"line":103,"column":37},"end":{"line":103,"column":51}},"locations":[{"start":{"line":103,"column":37},"end":{"line":103,"column":51}}]},"21":{"type":"branch","line":103,"loc":{"start":{"line":103,"column":50},"end":{"line":105,"column":31}},"locations":[{"start":{"line":103,"column":50},"end":{"line":105,"column":31}}]},"22":{"type":"branch","line":105,"loc":{"start":{"line":105,"column":13},"end":{"line":105,"column":48}},"locations":[{"start":{"line":105,"column":13},"end":{"line":105,"column":48}}]},"23":{"type":"branch","line":105,"loc":{"start":{"line":105,"column":48},"end":{"line":105,"column":56}},"locations":[{"start":{"line":105,"column":48},"end":{"line":105,"column":56}}]},"24":{"type":"branch","line":105,"loc":{"start":{"line":105,"column":56},"end":{"line":114,"column":13}},"locations":[{"start":{"line":105,"column":56},"end":{"line":114,"column":13}}]},"25":{"type":"branch","line":112,"loc":{"start":{"line":112,"column":2},"end":{"line":113,"column":89}},"locations":[{"start":{"line":112,"column":2},"end":{"line":113,"column":89}}]},"26":{"type":"branch","line":113,"loc":{"start":{"line":113,"column":79},"end":{"line":113,"column":89}},"locations":[{"start":{"line":113,"column":79},"end":{"line":113,"column":89}}]},"27":{"type":"branch","line":114,"loc":{"start":{"line":114,"column":4},"end":{"line":134,"column":6}},"locations":[{"start":{"line":114,"column":4},"end":{"line":134,"column":6}}]},"28":{"type":"branch","line":114,"loc":{"start":{"line":114,"column":62},"end":{"line":114,"column":89}},"locations":[{"start":{"line":114,"column":62},"end":{"line":114,"column":89}}]},"29":{"type":"branch","line":115,"loc":{"start":{"line":115,"column":13},"end":{"line":115,"column":71}},"locations":[{"start":{"line":115,"column":13},"end":{"line":115,"column":71}}]},"30":{"type":"branch","line":116,"loc":{"start":{"line":116,"column":45},"end":{"line":116,"column":73}},"locations":[{"start":{"line":116,"column":45},"end":{"line":116,"column":73}}]},"31":{"type":"branch","line":117,"loc":{"start":{"line":117,"column":41},"end":{"line":117,"column":62}},"locations":[{"start":{"line":117,"column":41},"end":{"line":117,"column":62}}]},"32":{"type":"branch","line":118,"loc":{"start":{"line":118,"column":72},"end":{"line":118,"column":90}},"locations":[{"start":{"line":118,"column":72},"end":{"line":118,"column":90}}]},"33":{"type":"branch","line":118,"loc":{"start":{"line":118,"column":126},"end":{"line":118,"column":174}},"locations":[{"start":{"line":118,"column":126},"end":{"line":118,"column":174}}]},"34":{"type":"branch","line":120,"loc":{"start":{"line":120,"column":30},"end":{"line":120,"column":57}},"locations":[{"start":{"line":120,"column":30},"end":{"line":120,"column":57}}]},"35":{"type":"branch","line":120,"loc":{"start":{"line":120,"column":57},"end":{"line":120,"column":82}},"locations":[{"start":{"line":120,"column":57},"end":{"line":120,"column":82}}]},"36":{"type":"branch","line":120,"loc":{"start":{"line":120,"column":66},"end":{"line":121,"column":13}},"locations":[{"start":{"line":120,"column":66},"end":{"line":121,"column":13}}]},"37":{"type":"branch","line":121,"loc":{"start":{"line":121,"column":4},"end":{"line":121,"column":26}},"locations":[{"start":{"line":121,"column":4},"end":{"line":121,"column":26}}]},"38":{"type":"branch","line":121,"loc":{"start":{"line":121,"column":35},"end":{"line":121,"column":58}},"locations":[{"start":{"line":121,"column":35},"end":{"line":121,"column":58}}]},"39":{"type":"branch","line":121,"loc":{"start":{"line":121,"column":49},"end":{"line":124,"column":9}},"locations":[{"start":{"line":121,"column":49},"end":{"line":124,"column":9}}]},"40":{"type":"branch","line":124,"loc":{"start":{"line":124,"column":2},"end":{"line":124,"column":9}},"locations":[{"start":{"line":124,"column":2},"end":{"line":124,"column":9}}]},"41":{"type":"branch","line":124,"loc":{"start":{"line":124,"column":35},"end":{"line":124,"column":43}},"locations":[{"start":{"line":124,"column":35},"end":{"line":124,"column":43}}]},"42":{"type":"branch","line":124,"loc":{"start":{"line":124,"column":43},"end":{"line":130,"column":18}},"locations":[{"start":{"line":124,"column":43},"end":{"line":130,"column":18}}]},"43":{"type":"branch","line":131,"loc":{"start":{"line":131,"column":8},"end":{"line":131,"column":40}},"locations":[{"start":{"line":131,"column":8},"end":{"line":131,"column":40}}]},"44":{"type":"branch","line":133,"loc":{"start":{"line":133,"column":6},"end":{"line":134,"column":6}},"locations":[{"start":{"line":133,"column":6},"end":{"line":134,"column":6}}]},"45":{"type":"branch","line":119,"loc":{"start":{"line":119,"column":72},"end":{"line":120,"column":30}},"locations":[{"start":{"line":119,"column":72},"end":{"line":120,"column":30}}]},"46":{"type":"branch","line":120,"loc":{"start":{"line":120,"column":96},"end":{"line":120,"column":147}},"locations":[{"start":{"line":120,"column":96},"end":{"line":120,"column":147}}]},"47":{"type":"branch","line":121,"loc":{"start":{"line":121,"column":102},"end":{"line":121,"column":146}},"locations":[{"start":{"line":121,"column":102},"end":{"line":121,"column":146}}]},"48":{"type":"branch","line":128,"loc":{"start":{"line":128,"column":2},"end":{"line":129,"column":12}},"locations":[{"start":{"line":128,"column":2},"end":{"line":129,"column":12}}]},"49":{"type":"branch","line":175,"loc":{"start":{"line":175,"column":20},"end":{"line":183,"column":50}},"locations":[{"start":{"line":175,"column":20},"end":{"line":183,"column":50}}]},"50":{"type":"branch","line":183,"loc":{"start":{"line":183,"column":48},"end":{"line":186,"column":24}},"locations":[{"start":{"line":183,"column":48},"end":{"line":186,"column":24}}]},"51":{"type":"branch","line":186,"loc":{"start":{"line":186,"column":24},"end":{"line":191,"column":205}},"locations":[{"start":{"line":186,"column":24},"end":{"line":191,"column":205}}]},"52":{"type":"branch","line":191,"loc":{"start":{"line":191,"column":20},"end":{"line":201,"column":35}},"locations":[{"start":{"line":191,"column":20},"end":{"line":201,"column":35}}]},"53":{"type":"branch","line":201,"loc":{"start":{"line":201,"column":12},"end":{"line":202,"column":38}},"locations":[{"start":{"line":201,"column":12},"end":{"line":202,"column":38}}]},"54":{"type":"branch","line":202,"loc":{"start":{"line":202,"column":12},"end":{"line":202,"column":60}},"locations":[{"start":{"line":202,"column":12},"end":{"line":202,"column":60}}]},"55":{"type":"branch","line":202,"loc":{"start":{"line":202,"column":38},"end":{"line":217,"column":41}},"locations":[{"start":{"line":202,"column":38},"end":{"line":217,"column":41}}]},"56":{"type":"branch","line":217,"loc":{"start":{"line":217,"column":10},"end":{"line":220,"column":70}},"locations":[{"start":{"line":217,"column":10},"end":{"line":220,"column":70}}]},"57":{"type":"branch","line":220,"loc":{"start":{"line":220,"column":34},"end":{"line":221,"column":24}},"locations":[{"start":{"line":220,"column":34},"end":{"line":221,"column":24}}]},"58":{"type":"branch","line":221,"loc":{"start":{"line":221,"column":17},"end":{"line":221,"column":38}},"locations":[{"start":{"line":221,"column":17},"end":{"line":221,"column":38}}]},"59":{"type":"branch","line":223,"loc":{"start":{"line":223,"column":10},"end":{"line":223,"column":58}},"locations":[{"start":{"line":223,"column":10},"end":{"line":223,"column":58}}]},"60":{"type":"branch","line":223,"loc":{"start":{"line":223,"column":17},"end":{"line":223,"column":58}},"locations":[{"start":{"line":223,"column":17},"end":{"line":223,"column":58}}]},"61":{"type":"branch","line":224,"loc":{"start":{"line":224,"column":10},"end":{"line":224,"column":76}},"locations":[{"start":{"line":224,"column":10},"end":{"line":224,"column":76}}]},"62":{"type":"branch","line":224,"loc":{"start":{"line":224,"column":26},"end":{"line":224,"column":76}},"locations":[{"start":{"line":224,"column":26},"end":{"line":224,"column":76}}]},"63":{"type":"branch","line":225,"loc":{"start":{"line":225,"column":50},"end":{"line":225,"column":110}},"locations":[{"start":{"line":225,"column":50},"end":{"line":225,"column":110}}]},"64":{"type":"branch","line":225,"loc":{"start":{"line":225,"column":64},"end":{"line":225,"column":110}},"locations":[{"start":{"line":225,"column":64},"end":{"line":225,"column":110}}]},"65":{"type":"branch","line":225,"loc":{"start":{"line":225,"column":110},"end":{"line":226,"column":57}},"locations":[{"start":{"line":225,"column":110},"end":{"line":226,"column":57}}]},"66":{"type":"branch","line":226,"loc":{"start":{"line":226,"column":57},"end":{"line":226,"column":106}},"locations":[{"start":{"line":226,"column":57},"end":{"line":226,"column":106}}]},"67":{"type":"branch","line":226,"loc":{"start":{"line":226,"column":57},"end":{"line":227,"column":23}},"locations":[{"start":{"line":226,"column":57},"end":{"line":227,"column":23}}]},"68":{"type":"branch","line":227,"loc":{"start":{"line":227,"column":10},"end":{"line":227,"column":97}},"locations":[{"start":{"line":227,"column":10},"end":{"line":227,"column":97}}]},"69":{"type":"branch","line":227,"loc":{"start":{"line":227,"column":56},"end":{"line":227,"column":97}},"locations":[{"start":{"line":227,"column":56},"end":{"line":227,"column":97}}]},"70":{"type":"branch","line":227,"loc":{"start":{"line":227,"column":56},"end":{"line":228,"column":24}},"locations":[{"start":{"line":227,"column":56},"end":{"line":228,"column":24}}]},"71":{"type":"branch","line":228,"loc":{"start":{"line":228,"column":17},"end":{"line":233,"column":10}},"locations":[{"start":{"line":228,"column":17},"end":{"line":233,"column":10}}]},"72":{"type":"branch","line":233,"loc":{"start":{"line":233,"column":6},"end":{"line":233,"column":18}},"locations":[{"start":{"line":233,"column":6},"end":{"line":233,"column":18}}]},"73":{"type":"branch","line":234,"loc":{"start":{"line":234,"column":25},"end":{"line":234,"column":50}},"locations":[{"start":{"line":234,"column":25},"end":{"line":234,"column":50}}]},"74":{"type":"branch","line":234,"loc":{"start":{"line":234,"column":39},"end":{"line":234,"column":51}},"locations":[{"start":{"line":234,"column":39},"end":{"line":234,"column":51}}]},"75":{"type":"branch","line":237,"loc":{"start":{"line":237,"column":17},"end":{"line":238,"column":24}},"locations":[{"start":{"line":237,"column":17},"end":{"line":238,"column":24}}]},"76":{"type":"branch","line":238,"loc":{"start":{"line":238,"column":24},"end":{"line":283,"column":126}},"locations":[{"start":{"line":238,"column":24},"end":{"line":283,"column":126}}]},"77":{"type":"branch","line":255,"loc":{"start":{"line":255,"column":203},"end":{"line":256,"column":40}},"locations":[{"start":{"line":255,"column":203},"end":{"line":256,"column":40}}]},"78":{"type":"branch","line":256,"loc":{"start":{"line":256,"column":55},"end":{"line":256,"column":98}},"locations":[{"start":{"line":256,"column":55},"end":{"line":256,"column":98}}]},"79":{"type":"branch","line":283,"loc":{"start":{"line":283,"column":125},"end":{"line":294,"column":90}},"locations":[{"start":{"line":283,"column":125},"end":{"line":294,"column":90}}]},"80":{"type":"branch","line":294,"loc":{"start":{"line":294,"column":89},"end":{"line":325,"column":13}},"locations":[{"start":{"line":294,"column":89},"end":{"line":325,"column":13}}]},"81":{"type":"branch","line":212,"loc":{"start":{"line":212,"column":49},"end":{"line":212,"column":85}},"locations":[{"start":{"line":212,"column":49},"end":{"line":212,"column":85}}]},"82":{"type":"branch","line":280,"loc":{"start":{"line":280,"column":32},"end":{"line":283,"column":76}},"locations":[{"start":{"line":280,"column":32},"end":{"line":283,"column":76}}]},"83":{"type":"branch","line":282,"loc":{"start":{"line":282,"column":16},"end":{"line":282,"column":23}},"locations":[{"start":{"line":282,"column":16},"end":{"line":282,"column":23}}]}},"b":{"0":[4],"1":[2],"2":[0],"3":[4],"4":[96],"5":[3],"6":[93],"7":[27],"8":[0],"9":[0],"10":[25],"11":[2],"12":[0],"13":[8],"14":[0],"15":[4],"16":[4],"17":[0],"18":[0],"19":[95],"20":[1],"21":[94],"22":[91],"23":[3],"24":[2],"25":[9],"26":[0],"27":[2],"28":[0],"29":[0],"30":[0],"31":[0],"32":[0],"33":[0],"34":[0],"35":[1],"36":[1],"37":[1],"38":[1],"39":[1],"40":[1],"41":[1],"42":[1],"43":[1],"44":[0],"45":[21],"46":[20],"47":[20],"48":[20],"49":[1],"50":[3],"51":[3],"52":[1],"53":[2],"54":[0],"55":[2],"56":[1],"57":[0],"58":[1],"59":[1],"60":[0],"61":[1],"62":[0],"63":[0],"64":[1],"65":[0],"66":[1],"67":[1],"68":[1],"69":[0],"70":[0],"71":[0],"72":[1],"73":[0],"74":[1],"75":[1],"76":[1],"77":[0],"78":[0],"79":[0],"80":[1],"81":[9],"82":[1],"83":[0]},"fnMap":{"0":{"name":"__vite_ssr_import_0__.z.object.refine.message","decl":{"start":{"line":47,"column":30},"end":{"line":49,"column":15}},"loc":{"start":{"line":47,"column":30},"end":{"line":49,"column":15}},"line":47},"1":{"name":"hashForAudit","decl":{"start":{"line":61,"column":66},"end":{"line":66,"column":13}},"loc":{"start":{"line":61,"column":66},"end":{"line":66,"column":13}},"line":61},"2":{"name":"maskSensitiveText","decl":{"start":{"line":66,"column":13},"end":{"line":78,"column":19}},"loc":{"start":{"line":66,"column":13},"end":{"line":78,"column":19}},"line":66},"3":{"name":"bucketizeCurrency","decl":{"start":{"line":78,"column":19},"end":{"line":89,"column":35}},"loc":{"start":{"line":78,"column":19},"end":{"line":89,"column":35}},"line":78},"4":{"name":"buildAiAuditLog","decl":{"start":{"line":89,"column":27},"end":{"line":102,"column":72}},"loc":{"start":{"line":89,"column":27},"end":{"line":102,"column":72}},"line":89},"5":{"name":"trimText","decl":{"start":{"line":102,"column":29},"end":{"line":105,"column":59}},"loc":{"start":{"line":102,"column":29},"end":{"line":105,"column":59}},"line":102},"6":{"name":"compactConversation","decl":{"start":{"line":105,"column":56},"end":{"line":114,"column":13}},"loc":{"start":{"line":105,"column":56},"end":{"line":114,"column":13}},"line":105},"7":{"name":"buildFinancialSummary","decl":{"start":{"line":114,"column":4},"end":{"line":134,"column":6}},"loc":{"start":{"line":114,"column":4},"end":{"line":134,"column":6}},"line":114},"8":{"name":"buildFallbackResponse","decl":{"start":{"line":159,"column":8},"end":{"line":169,"column":12}},"loc":{"start":{"line":159,"column":8},"end":{"line":169,"column":12}},"line":159}},"f":{"0":4,"1":4,"2":96,"3":27,"4":8,"5":95,"6":2,"7":2,"8":0}}
,"D:\\meu-contador\\backend\\src\\routes\\ai.ts": {"path":"D:\\meu-contador\\backend\\src\\routes\\ai.ts","all":true,"statementMap":{"0":{"start":{"line":1,"column":0},"end":{"line":1,"column":42}},"8":{"start":{"line":9,"column":0},"end":{"line":9,"column":38}},"9":{"start":{"line":10,"column":0},"end":{"line":10,"column":34}},"10":{"start":{"line":11,"column":0},"end":{"line":11,"column":59}},"11":{"start":{"line":12,"column":0},"end":{"line":12,"column":78}},"12":{"start":{"line":13,"column":0},"end":{"line":13,"column":14}},"14":{"start":{"line":15,"column":0},"end":{"line":15,"column":46}},"15":{"start":{"line":16,"column":0},"end":{"line":16,"column":38}},"16":{"start":{"line":17,"column":0},"end":{"line":17,"column":47}},"17":{"start":{"line":18,"column":0},"end":{"line":18,"column":3}},"19":{"start":{"line":20,"column":0},"end":{"line":20,"column":44}},"20":{"start":{"line":21,"column":0},"end":{"line":21,"column":33}},"21":{"start":{"line":22,"column":0},"end":{"line":22,"column":39}},"22":{"start":{"line":23,"column":0},"end":{"line":23,"column":41}},"23":{"start":{"line":24,"column":0},"end":{"line":24,"column":37}},"24":{"start":{"line":25,"column":0},"end":{"line":25,"column":31}},"25":{"start":{"line":26,"column":0},"end":{"line":26,"column":35}},"26":{"start":{"line":27,"column":0},"end":{"line":27,"column":47}},"27":{"start":{"line":28,"column":0},"end":{"line":28,"column":23}},"28":{"start":{"line":29,"column":0},"end":{"line":29,"column":33}},"29":{"start":{"line":30,"column":0},"end":{"line":30,"column":25}},"30":{"start":{"line":31,"column":0},"end":{"line":31,"column":72}},"31":{"start":{"line":32,"column":0},"end":{"line":32,"column":81}},"32":{"start":{"line":33,"column":0},"end":{"line":33,"column":77}},"33":{"start":{"line":34,"column":0},"end":{"line":34,"column":3}},"35":{"start":{"line":36,"column":0},"end":{"line":36,"column":36}},"36":{"start":{"line":37,"column":0},"end":{"line":37,"column":68}},"37":{"start":{"line":38,"column":0},"end":{"line":38,"column":26}},"38":{"start":{"line":39,"column":0},"end":{"line":39,"column":57}},"39":{"start":{"line":40,"column":0},"end":{"line":40,"column":62}},"40":{"start":{"line":41,"column":0},"end":{"line":41,"column":35}},"41":{"start":{"line":42,"column":0},"end":{"line":42,"column":58}},"42":{"start":{"line":43,"column":0},"end":{"line":43,"column":130}},"43":{"start":{"line":44,"column":0},"end":{"line":44,"column":60}},"44":{"start":{"line":45,"column":0},"end":{"line":45,"column":3}},"46":{"start":{"line":47,"column":0},"end":{"line":47,"column":40}},"47":{"start":{"line":48,"column":0},"end":{"line":48,"column":23}},"48":{"start":{"line":49,"column":0},"end":{"line":49,"column":25}},"49":{"start":{"line":50,"column":0},"end":{"line":50,"column":43}},"50":{"start":{"line":51,"column":0},"end":{"line":51,"column":40}},"51":{"start":{"line":52,"column":0},"end":{"line":52,"column":16}},"52":{"start":{"line":53,"column":0},"end":{"line":53,"column":3}},"54":{"start":{"line":55,"column":0},"end":{"line":55,"column":56}},"56":{"start":{"line":57,"column":0},"end":{"line":57,"column":46}},"57":{"start":{"line":58,"column":0},"end":{"line":58,"column":78}},"58":{"start":{"line":59,"column":0},"end":{"line":59,"column":1}},"60":{"start":{"line":61,"column":0},"end":{"line":61,"column":92}},"61":{"start":{"line":62,"column":0},"end":{"line":62,"column":31}},"63":{"start":{"line":64,"column":0},"end":{"line":64,"column":22}},"64":{"start":{"line":65,"column":0},"end":{"line":65,"column":75}},"65":{"start":{"line":66,"column":0},"end":{"line":66,"column":64}},"66":{"start":{"line":67,"column":0},"end":{"line":67,"column":72}},"67":{"start":{"line":68,"column":0},"end":{"line":68,"column":96}},"68":{"start":{"line":69,"column":0},"end":{"line":69,"column":62}},"70":{"start":{"line":71,"column":0},"end":{"line":71,"column":65}},"7
[...]
column":0},"end":{"line":139,"column":17}},"139":{"start":{"line":140,"column":0},"end":{"line":140,"column":5}},"142":{"start":{"line":143,"column":0},"end":{"line":143,"column":35}},"143":{"start":{"line":144,"column":0},"end":{"line":144,"column":13}},"144":{"start":{"line":145,"column":0},"end":{"line":145,"column":64}},"145":{"start":{"line":146,"column":0},"end":{"line":146,"column":21}},"146":{"start":{"line":147,"column":0},"end":{"line":147,"column":37}},"147":{"start":{"line":148,"column":0},"end":{"line":148,"column":22}},"148":{"start":{"line":149,"column":0},"end":{"line":149,"column":50}},"149":{"start":{"line":150,"column":0},"end":{"line":150,"column":56}},"150":{"start":{"line":151,"column":0},"end":{"line":151,"column":62}},"151":{"start":{"line":152,"column":0},"end":{"line":152,"column":68}},"152":{"start":{"line":153,"column":0},"end":{"line":153,"column":9}},"153":{"start":{"line":154,"column":0},"end":{"line":154,"column":17}},"154":{"start":{"line":155,"column":0},"end":{"line":155,"column":23}},"155":{"start":{"line":156,"column":0},"end":{"line":156,"column":31}},"156":{"start":{"line":157,"column":0},"end":{"line":157,"column":41}},"157":{"start":{"line":158,"column":0},"end":{"line":158,"column":11}},"158":{"start":{"line":159,"column":0},"end":{"line":159,"column":8}},"159":{"start":{"line":160,"column":0},"end":{"line":160,"column":6}},"160":{"start":{"line":161,"column":0},"end":{"line":161,"column":35}},"161":{"start":{"line":162,"column":0},"end":{"line":162,"column":32}},"162":{"start":{"line":163,"column":0},"end":{"line":163,"column":65}},"164":{"start":{"line":165,"column":0},"end":{"line":165,"column":43}},"165":{"start":{"line":166,"column":0},"end":{"line":166,"column":37}},"166":{"start":{"line":167,"column":0},"end":{"line":167,"column":36}},"167":{"start":{"line":168,"column":0},"end":{"line":168,"column":7}},"169":{"start":{"line":170,"column":0},"end":{"line":170,"column":16}},"170":{"start":{"line":171,"column":0},"end":{"line":171,"column":40}},"171":{"start":{"line":172,"column":0},"end":{"line":172,"column":5}},"174":{"start":{"line":175,"column":0},"end":{"line":175,"column":95}},"175":{"start":{"line":176,"column":0},"end":{"line":176,"column":78}},"176":{"start":{"line":177,"column":0},"end":{"line":177,"column":57}},"177":{"start":{"line":178,"column":0},"end":{"line":178,"column":17}},"179":{"start":{"line":180,"column":0},"end":{"line":180,"column":75}},"181":{"start":{"line":182,"column":0},"end":{"line":182,"column":26}},"182":{"start":{"line":183,"column":0},"end":{"line":183,"column":37}},"183":{"start":{"line":184,"column":0},"end":{"line":184,"column":51}},"184":{"start":{"line":185,"column":0},"end":{"line":185,"column":7}},"186":{"start":{"line":187,"column":0},"end":{"line":187,"column":12}},"187":{"start":{"line":188,"column":0},"end":{"line":188,"column":20}},"188":{"start":{"line":189,"column":0},"end":{"line":189,"column":34}},"189":{"start":{"line":190,"column":0},"end":{"line":190,"column":6}},"190":{"start":{"line":191,"column":0},"end":{"line":191,"column":5}},"193":{"start":{"line":194,"column":0},"end":{"line":194,"column":24}},"194":{"start":{"line":195,"column":0},"end":{"line":195,"column":13}},"195":{"start":{"line":196,"column":0},"end":{"line":196,"column":21}},"196":{"start":{"line":197,"column":0},"end":{"line":197,"column":37}},"197":{"start":{"line":198,"column":0},"end":{"line":198,"column":22}},"198":{"start":{"line":199,"column":0},"end":{"line":199,"column":41}},"199":{"start":{"line":200,"column":0},"end":{"line":200,"column":9}},"200":{"start":{"line":201,"column":0},"end":{"line":201,"column":17}},"201":{"start":{"line":202,"column":0},"end":{"line":202,"column":32}},"202":{"start":{"line":203,"column":0},"end":{"line":203,"column":29}},"203":{"start":{"line":204,"column":0},"end":{"line":204,"column":7}},"204":{"start":{"line":205,"column":0},"end":{"line":205,"column":6}},"205":{"start":{"line":206,"column":0},"end":{"line":206,"column":34}},"206":{"start":{"line":207,"column":0},"end":{"line":207,"column":25}},"207":{"start":{"line":208,"column":0},"end":{"line":208,"column":54}},"210":{"start":{"line":211,"column":0},"end":{"line":211,"column":31}},"211":{"start":{"line":212,"column":0},"end":{"line":212,"column":61}},"212":{"start":{"line":213,"column":0},"end":{"line":213,"column":88}},"213":{"start":{"line":214,"column":0},"end":{"line":214,"column":88}},"214":{"start":{"line":215,"column":0},"end":{"line":215,"column":82}},"215":{"start":{"line":216,"column":0},"end":{"line":216,"column":85}},"216":{"start":{"line":217,"column":0},"end":{"line":217,"column":85}},"217":{"start":{"line":218,"column":0},"end":{"line":218,"column":91}},"218":{"start":{"line":219,"column":0},"end":{"line":219,"column":91}},"219":{"start":{"line":220,"column":0},"end":{"line":220,"column":97}},"220":{"start":{"line":221,"column":0},"end":{"line":221,"column":73}},"221":{"start":{"line":222,"column":0},"end":{"line":222,"column":91}},"222":{"start":{"line":223,"column":0},"end":{"line":223,"column":58}},"223":{"start":{"line":224,"column":0},"end":{"line":224,"column":79}},"224":{"start":{"line":225,"column":0},"end":{"line":225,"column":100}},"225":{"start":{"line":226,"column":0},"end":{"line":226,"column":106}},"227":{"start":{"line":228,"column":0},"end":{"line":228,"column":39}},"228":{"start":{"line":229,"column":0},"end":{"line":229,"column":39}},"229":{"start":{"line":230,"column":0},"end":{"line":230,"column":24}},"230":{"start":{"line":231,"column":0},"end":{"line":231,"column":7}},"232":{"start":{"line":233,"column":0},"end":{"line":233,"column":43}},"233":{"start":{"line":234,"column":0},"end":{"line":234,"column":16}},"234":{"start":{"line":235,"column":0},"end":{"line":235,"column":5}},"237":{"start":{"line":238,"column":0},"end":{"line":238,"column":32}},"238":{"start":{"line":239,"column":0},"end":{"line":239,"column":13}},"239":{"start":{"line":240,"column":0},"end":{"line":240,"column":21}},"240":{"start":{"line":241,"column":0},"end":{"line":241,"column":37}},"241":{"start":{"line":242,"column":0},"end":{"line":242,"column":33}},"242":{"start":{"line":243,"column":0},"end":{"line":243,"column":17}},"243":{"start":{"line":244,"column":0},"end":{"line":244,"column":48}},"244":{"start":{"line":245,"column":0},"end":{"line":245,"column":68}},"245":{"start":{"line":246,"column":0},"end":{"line":246,"column":7}},"246":{"start":{"line":247,"column":0},"end":{"line":247,"column":6}},"247":{"start":{"line":248,"column":0},"end":{"line":248,"column":34}},"248":{"start":{"line":249,"column":0},"end":{"line":249,"column":32}},"249":{"start":{"line":250,"column":0},"end":{"line":250,"column":37}},"250":{"start":{"line":251,"column":0},"end":{"line":251,"column":35}},"252":{"start":{"line":253,"column":0},"end":{"line":253,"column":9}},"253":{"start":{"line":254,"column":0},"end":{"line":254,"column":29}},"254":{"start":{"line":255,"column":0},"end":{"line":255,"column":61}},"255":{"start":{"line":256,"column":0},"end":{"line":256,"column":37}},"256":{"start":{"line":257,"column":0},"end":{"line":257,"column":55}},"260":{"start":{"line":261,"column":0},"end":{"line":261,"column":25}},"262":{"start":{"line":263,"column":0},"end":{"line":263,"column":39}},"263":{"start":{"line":264,"column":0},"end":{"line":264,"column":32}},"264":{"start":{"line":265,"column":0},"end":{"line":265,"column":17}},"265":{"start":{"line":266,"column":0},"end":{"line":266,"column":49}},"266":{"start":{"line":267,"column":0},"end":{"line":267,"column":67}},"267":{"start":{"line":268,"column":0},"end":{"line":268,"column":67}},"268":{"start":{"line":269,"column":0},"end":{"line":269,"column":63}},"269":{"start":{"line":270,"column":0},"end":{"line":270,"column":69}},"270":{"start":{"line":271,"column":0},"end":{"line":271,"column":69}},"271":{"start":{"line":272,"column":0},"end":{"line":272,"column":53}},"272":{"start":{"line":273,"column":0},"end":{"line":273,"column":61}},"273":{"start":{"line":274,"column":0},"end":{"line":274,"column":65}},"274":{"start":{"line":275,"column":0},"end":{"line":275,"column":65}},"275":{"start":{"line":276,"column":0},"end":{"line":276,"column":69}},"276":{"start":{"line":277,"column":0},"end":{"line":277,"column":47}},"277":{"start":{"line":278,"column":0},"end":{"line":278,"column":61}},"278":{"start":{"line":279,"column":0},"end":{"line":279,"column":75}},"279":{"start":{"line":280,"column":0},"end":{"line":280,"column":11}},"280":{"start":{"line":281,"column":0},"end":{"line":281,"column":31}},"283":{"start":{"line":284,"column":0},"end":{"line":284,"column":73}},"284":{"start":{"line":285,"column":0},"end":{"line":285,"column":35}},"285":{"start":{"line":286,"column":0},"end":{"line":286,"column":21}},"286":{"start":{"line":287,"column":0},"end":{"line":287,"column":23}},"287":{"start":{"line":288,"column":0},"end":{"line":288,"column":77}},"288":{"start":{"line":289,"column":0},"end":{"line":289,"column":98}},"289":{"start":{"line":290,"column":0},"end":{"line":290,"column":62}},"290":{"start":{"line":291,"column":0},"end":{"line":291,"column":35}},"291":{"start":{"line":292,"column":0},"end":{"line":292,"column":26}},"292":{"start":{"line":293,"column":0},"end":{"line":293,"column":34}},"293":{"start":{"line":294,"column":0},"end":{"line":294,"column":15}},"294":{"start":{"line":295,"column":0},"end":{"line":295,"column":14}},"295":{"start":{"line":296,"column":0},"end":{"line":296,"column":30}},"298":{"start":{"line":299,"column":0},"end":{"line":299,"column":28}},"299":{"start":{"line":300,"column":0},"end":{"line":300,"column":34}},"300":{"start":{"line":301,"column":0},"end":{"line":301,"column":43}},"301":{"start":{"line":302,"column":0},"end":{"line":302,"column":41}},"302":{"start":{"line":303,"column":0},"end":{"line":303,"column":30}},"303":{"start":{"line":304,"column":0},"end":{"line":304,"column":25}},"304":{"start":{"line":305,"column":0},"end":{"line":305,"column":39}},"305":{"start":{"line":306,"column":0},"end":{"line":306,"column":39}},"306":{"start":{"line":307,"column":0},"end":{"line":307,"column":38}},"307":{"start":{"line":308,"column":0},"end":{"line":308,"column":20}},"308":{"start":{"line":309,"column":0},"end":{"line":309,"column":35}},"309":{"start":{"line":310,"column":0},"end":{"line":310,"column":14}},"310":{"start":{"line":311,"column":0},"end":{"line":311,"column":30}},"313":{"start":{"line":314,"column":0},"end":{"line":314,"column":26}},"314":{"start":{"line":315,"column":0},"end":{"line":315,"column":39}},"315":{"start":{"line":316,"column":0},"end":{"line":316,"column":41}},"316":{"start":{"line":317,"column":0},"end":{"line":317,"column":41}},"317":{"start":{"line":318,"column":0},"end":{"line":318,"column":30}},"318":{"start":{"line":319,"column":0},"end":{"line":319,"column":25}},"319":{"start":{"line":320,"column":0},"end":{"line":320,"column":49}},"320":{"start":{"line":321,"column":0},"end":{"line":321,"column":52}},"321":{"start":{"line":322,"column":0},"end":{"line":322,"column":37}},"322":{"start":{"line":323,"column":0},"end":{"line":323,"column":31}},"323":{"start":{"line":324,"column":0},"end":{"line":324,"column":46}},"324":{"start":{"line":325,"column":0},"end":{"line":325,"column":20}},"325":{"start":{"line":326,"column":0},"end":{"line":326,"column":14}},"326":{"start":{"line":327,"column":0},"end":{"line":327,"column":30}},"329":{"start":{"line":330,"column":0},"end":{"line":330,"column":32}},"330":{"start":{"line":331,"column":0},"end":{"line":331,"column":38}},"331":{"start":{"line":332,"column":0},"end":{"line":332,"column":63}},"332":{"start":{"line":333,"column":0},"end":{"line":333,"column":23}},"333":{"start":{"line":334,"column":0},"end":{"line":334,"column":45}},"334":{"start":{"line":335,"column":0},"end":{"line":335,"column":44}},"335":{"start":{"line":336,"column":0},"end":{"line":336,"column":31}},"336":{"start":{"line":337,"column":0},"end":{"line":337,"column":42}},"337":{"start":{"line":338,"column":0},"end":{"line":338,"column":45}},"338":{"start":{"line":339,"column":0},"end":{"line":339,"column":45}},"339":{"start":{"line":340,"column":0},"end":{"line":340,"column":32}},"340":{"start":{"line":341,"column":0},"end":{"line":341,"column":18}},"341":{"start":{"line":342,"column":0},"end":{"line":342,"column":14}},"342":{"start":{"line":343,"column":0},"end":{"line":343,"column":30}},"345":{"start":{"line":346,"column":0},"end":{"line":346,"column":39}},"346":{"start":{"line":347,"column":0},"end":{"line":347,"column":39}},"347":{"start":{"line":348,"column":0},"end":{"line":348,"column":70}},"348":{"start":{"line":349,"column":0},"end":{"line":349,"column":23}},"349":{"start":{"line":350,"column":0},"end":{"line":350,"column":41}},"350":{"start":{"line":351,"column":0},"end":{"line":351,"column":69}},"351":{"start":{"line":352,"column":0},"end":{"line":352,"column":40}},"352":{"start":{"line":353,"column":0},"end":{"line":353,"column":51}},"353":{"start":{"line":354,"column":0},"end":{"line":354,"column":58}},"354":{"start":{"line":355,"column":0},"end":{"line":355,"column":34}},"355":{"start":{"line":356,"column":0},"end":{"line":356,"column":44}},"356":{"start":{"line":357,"column":0},"end":{"line":357,"column":18}},"357":{"start":{"line":358,"column":0},"end":{"line":358,"column":14}},"358":{"start":{"line":359,"column":0},"end":{"line":359,"column":30}},"361":{"start":{"line":362,"column":0},"end":{"line":362,"column":16}},"362":{"start":{"line":363,"column":0},"end":{"line":363,"column":64}},"363":{"start":{"line":364,"column":0},"end":{"line":364,"column":60}},"364":{"start":{"line":365,"column":0},"end":{"line":365,"column":41}},"365":{"start":{"line":366,"column":0},"end":{"line":366,"column":27}},"366":{"start":{"line":367,"column":0},"end":{"line":367,"column":57}},"367":{"start":{"line":368,"column":0},"end":{"line":368,"column":45}},"368":{"start":{"line":369,"column":0},"end":{"line":369,"column":42}},"369":{"start":{"line":370,"column":0},"end":{"line":370,"column":77}},"370":{"start":{"line":371,"column":0},"end":{"line":371,"column":22}},"371":{"start":{"line":372,"column":0},"end":{"line":372,"column":23}},"372":{"start":{"line":373,"column":0},"end":{"line":373,"column":42}},"373":{"start":{"line":374,"column":0},"end":{"line":374,"column":48}},"374":{"start":{"line":375,"column":0},"end":{"line":375,"column":34}},"375":{"start":{"line":376,"column":0},"end":{"line":376,"column":51}},"376":{"start":{"line":377,"column":0},"end":{"line":377,"column":54}},"377":{"start":{"line":378,"column":0},"end":{"line":378,"column":30}},"378":{"start":{"line":379,"column":0},"end":{"line":379,"column":16}},"379":{"start":{"line":380,"column":0},"end":{"line":380,"column":15}},"380":{"start":{"line":381,"column":0},"end":{"line":381,"column":40}},"381":{"start":{"line":382,"column":0},"end":{"line":382,"column":68}},"382":{"start":{"line":383,"column":0},"end":{"line":383,"column":32}},"383":{"start":{"line":384,"column":0},"end":{"line":384,"column":13}},"386":{"start":{"line":387,"column":0},"end":{"line":387,"column":24}},"387":{"start":{"line":388,"column":0},"end":{"line":388,"column":26}},"388":{"start":{"line":389,"column":0},"end":{"line":389,"column":110}},"389":{"start":{"line":390,"column":0},"end":{"line":390,"column":32}},"390":{"start":{"line":391,"column":0},"end":{"line":391,"column":93}},"391":{"start":{"line":392,"column":0},"end":{"line":392,"column":61}},"392":{"start":{"line":393,"column":0},"end":{"line":393,"column":21}},"393":{"start":{"line":394,"column":0},"end":{"line":394,"column":36}},"394":{"start":{"line":395,"column":0},"end":{"line":395,"column":38}},"395":{"start":{"line":396,"column":0},"end":{"line":396,"column":87}},"396":{"start":{"line":397,"column":0},"end":{"line":397,"column":17}},"397":{"start":{"line":398,"column":0},"end":{"line":398,"column":16}},"398":{"start":{"line":399,"column":0},"end":{"line":399,"column":30}},"399":{"start":{"line":400,"column":0},"end":{"line":400,"column":9}},"402":{"start":{"line":403,"column":0},"end":{"line":403,"column":28}},"403":{"start":{"line":404,"column":0},"end":{"line":404,"column":30}},"404":{"start":{"line":405,"column":0},"end":{"line":405,"column":51}},"405":{"start":{"line":406,"column":0},"end":{"line":406,"column":9}},"407":{"start":{"line":408,"column":0},"end":{"line":408,"column":31}},"408":{"start":{"line":409,"column":0},"end":{"line":409,"column":19}},"409":{"start":{"line":410,"column":0},"end":{"line":410,"column":46}},"410":{"start":{"line":411,"column":0},"end":{"line":411,"column":97}},"411":{"start":{"line":412,"column":0},"end":{"line":412,"column":5}},"412":{"start":{"line":413,"column":0},"end":{"line":413,"column":5}},"413":{"start":{"line":414,"column":0},"end":{"line":414,"column":1}}},"s":{"0":0,"5":0,"6":0,"7":0,"8":0,"9":0,"10":0,"12":0,"14":0,"15":0,"16":0,"17":0,"18":0,"19":0,"20":0,"21":0,"22":0,"23":0,"24":0,"25":0,"26":0,"27":0,"28":0,"29":0,"30":0,"32":0,"33":0,"34":0,"35":0,"36":0,"37":0,"38":0,"39":0,"40":0,"41":0,"42":0,"43":0,"44":0,"45":0,"46":0,"47":0,"48":0,"49":0,"50":0,"51":0,"52":0,"53":0,"54":0,"55":0,"56":0,"57":0,"58":0,"59":0,"60":0,"61":0,"62":0,"63":0,"64":0,"65":0,"66":0,"67":0,"68":0,"69":0,"70":0,"71":0,"72":0,"73":0,"74":0,"75":0,"76":0,"77":0,"78":0,"79":0,"80":0,"81":0,"82":0,"83":0,"84":0,"85":0,"86":0,"87":0,"88":0,"89":0,"90":0,"91":0,"92":0,"93":0,"94":0,"95":0,"96":0,"97":0,"98":0,"99":0,"100":0,"101":0,"102":0,"103":0,"105":0,"107":0,"108":0,"109":0,"110":0,"111":0,"112":0,"113":0,"114":0,"115":0,"116":0,"117":0,"118":0,"119":0,"120":0,"121":0,"122":0,"123":0,"124":0,"125":0,"126":0,"128":0,"129":0,"130":0,"133":0,"134":0,"135":0,"136":0,"138":0,"139":0,"142":0,"143":0,"144":0,"145":0,"146":0,"147":0,"148":0,"149":0,"150":0,"151":0,"152":0,"153":0,"154":0,"155":0,"156":0,"157":0,"158":0,"159":0,"160":0,"161":0,"162":0,"164":0,"165":0,"166":0,"167":0,"169":0,"170":0,"171":0,"174":0,"175":0,"176":0,"177":0,"179":0,"181":0,"182":0,"183":0,"184":0,"186":0,"187":0,"188":0,"189":0,"190":0,"193":0,"194":0,"195":0,"196":0,"197":0,"198":0,"199":0,"200":0,"201":0,"202":0,"203":0,"204":0,"205":0,"206":0,"207":0,"210":0,"211":0,"212":0,"213":0,"214":0,"215":0,"216":0,"217":0,"218":0,"219":0,"220":0,"221":0,"222":0,"223":0,"224":0,"225":0,"227":0,"228":0,"229":0,"230":0,"232":0,"233":0,"234":0,"237":0,"238":0,"239":0,"240":0,"241":0,"242":0,"243":0,"244":0,"245":0,"246":0,"247":0,"248":0,"249":0,"250":0,"252":0,"253":0,"254":0,"255":0,"256":0,"260":0,"262":0,"263":0,"264":0,"265":0,"266":0,"267":0,"268":0,"269":0,"270":0,"271":0,"272":0,"273":0,"274":0,"275":0,"276":0,"277":0,"278":0,"279":0,"280":0,"283":0,"284":0,"285":0,"286":0,"287":0,"288":0,"289":0,"290":0,"291":0,"292":0,"293":0,"294":0,"295":0,"298":0,"299":0,"300":0,"301":0,"302":0,"303":0,"304":0,"305":0,"306":0,"307":0,"308":0,"309":0,"310":0,"313":0,"314":0,"315":0,"316":0,"317":0,"318":0,"319":0,"320":0,"321":0,"322":0,"323":0,"324":0,"325":0,"326":0,"329":0,"330":0,"331":0,"332":0,"333":0,"334":0,"335":0,"336":0,"337":0,"338":0,"339":0,"340":0,"341":0,"342":0,"345":0,"346":0,"347":0,"348":0,"349":0,"350":0,"351":0,"352":0,"353":0,"354":0,"355":0,"356":0,"357":0,"358":0,"361":0,"362":0,"363":0,"364":0,"365":0,"366":0,"367":0,"368":0,"369":0,"370":0,"371":0,"372":0,"373":0,"374":0,"375":0,"376":0,"377":0,"378":0,"379":0,"380":0,"381":0,"382":0,"383":0,"386":0,"387":0,"388":0,"389":0,"390":0,"391":0,"392":0,"393":0,"394":0,"395":0,"396":0,"397":0,"398":0,"399":0,"402":0,"403":0,"404":0,"405":0,"407":0,"408":0,"409":0,"410":0,"411":0,"412":0,"413":0},"branchMap":{"0":{"type":"branch","line":1,"loc":{"start":{"line":1,"column":0},"end":{"line":414,"column":-916}},"locations":[{"start":{"line":1,"column":0},"end":{"line":414,"column":-916}}]}},"b":{"0":[0]},"fnMap":{"0":{"name":"(empty-report)","decl":{"start":{"line":1,"column":0},"end":{"line":414,"column":-916}},"loc":{"start":{"line":1,"column":0},"end":{"line":414,"column":-916}},"line":1}},"f":{"0":0}}
}
